{
    "errors": {
        "25664": {
            "raw": [
                "  >> 263    collect2: error: ld returned 1 exit status\r"
            ],
            "parsed": [
                "ld returned exit status"
            ]
        },
        "24243": {
            "raw": [
                "Lmod has detected the following error: /opt/ohpc/pub/spack/share/spack/modules/linux-centos7-x86_64/cdd-0.61a-gcc-9.2.0-vhio4vh: (cdd-0.61a-gcc-9.2.0-vhio4vh): invalid command name \"MRTT53\"\r"
            ],
            "parsed": [
                "cddagccvhiovh cddagccvhiovh invalid command name mrtt"
            ]
        },
        "5505": {
            "raw": [
                "Then \u201cspack test store\u201d fails with the following error:\r"
            ],
            "parsed": []
        },
        "28284": {
            "raw": [
                "- `libtiff` fails to compile with `../version:1:1: error: expected unqualified-id` errors. Same issue as my comment here: https://github.com/spack/spack/issues/26559#issuecomment-1006663760. I managed to patch this, but badly.\r"
            ],
            "parsed": [
                "expected unqualifiedid errors issue comment issuecomment managed patch badly"
            ]
        },
        "15686": {
            "raw": [
                "collect2: error: ld returned 1 exit status\r"
            ],
            "parsed": [
                "ld returned exit status"
            ]
        },
        "25673": {
            "raw": [
                "collect2: error: ld returned 1 exit status\r"
            ],
            "parsed": [
                "ld returned exit status"
            ]
        },
        "28486": {
            "raw": [
                "/Users/ptb/gitrepos/glm-test/main.cpp:1:10: fatal error: 'glm/vec3.hpp' file not found\r"
            ],
            "parsed": [
                "vechpp file found"
            ]
        },
        "23642": {
            "raw": [
                "The concretization itself seems to work fine. A `spack.lock` file is created. Then there is this error:\r"
            ],
            "parsed": []
        },
        "29224": {
            "raw": [
                "  >> 6578    collect2: error: ld returned 1 exit status\r"
            ],
            "parsed": [
                "ld returned exit status"
            ]
        },
        "9997": {
            "raw": [
                "There seems to be a build issue, at least for me, on summitdev (Power system at ORNL).  When I build the newest version of  Ilibjpeg-turbo get this error:\r"
            ],
            "parsed": []
        },
        "8739": {
            "raw": [
                "  >> 7     checking whether build environment is sane... configure: error: unsafe absolute working directory name\r"
            ],
            "parsed": [
                "unsafe absolute working directory name"
            ]
        },
        "13413": {
            "raw": [
                "clang-9: error: linker command failed with exit code 1 (use -v to see invocation)\r",
                "clang-9: error: linker command failed with exit code 1 (use -v to see invocation)\r"
            ],
            "parsed": [
                "linker command failed exit code use v see invocation",
                "linker command failed exit code use v see invocation"
            ]
        },
        "27622": {
            "raw": [
                "  >> 6    configure: error: in `/tmp/wspear/spack-stage/spack-stage-pkgconf-1.8.0-euouhqi2bpfbpeznhhr5wouqm6e33gug/spack-src':\r",
                "  >> 7    configure: error: C compiler cannot create executables\r"
            ],
            "parsed": [
                "c compiler create executables"
            ]
        },
        "6607": {
            "raw": [
                "/path/to/dakota/packages/motif/src/Graphics.C(68): error: identifier \"CreateMenuBar\" is undefined\r",
                "/path/to/dakota/packages/motif/src/Graphics.C(69): error: identifier \"CreateMenu\" is undefined\r",
                "/path/to/dakota/packages/motif/src/Graphics.C(76): error: identifier \"CreateMenuChoice\" is undefined\r"
            ],
            "parsed": [
                "identifier createmenubar undefined",
                "identifier createmenu undefined",
                "identifier createmenuchoice undefined"
            ]
        },
        "26810": {
            "raw": [
                "  >> 326    /tmp/root/spack-stage/spack-stage-axom-0.5.0-up3kn2546w2j5lm24suzepavv36hlfhf/spack-src/src/axom/spin/BVH.hpp:20:4: error: #error *** The spin::BVH class requires RAJA and U\r",
                "  >> 363    /tmp/root/spack-stage/spack-stage-axom-0.5.0-up3kn2546w2j5lm24suzepavv36hlfhf/spack-src/src/axom/quest/MeshTester.hpp:119:3: error: 'umpire' has not been declared\r",
                "  >> 366    /tmp/root/spack-stage/spack-stage-axom-0.5.0-up3kn2546w2j5lm24suzepavv36hlfhf/spack-src/src/axom/quest/MeshTester.hpp:119:28: error: 'rm' was not declared in this scope; did\r",
                "  >> 370    /tmp/root/spack-stage/spack-stage-axom-0.5.0-up3kn2546w2j5lm24suzepavv36hlfhf/spack-src/src/axom/quest/MeshTester.hpp:119:33: error: 'umpire' has not been declared\r",
                "  >> 373    /tmp/root/spack-stage/spack-stage-axom-0.5.0-up3kn2546w2j5lm24suzepavv36hlfhf/spack-src/src/axom/quest/MeshTester.hpp:122:3: error: 'umpire' has not been declared\r",
                "  >> 376    /tmp/root/spack-stage/spack-stage-axom-0.5.0-up3kn2546w2j5lm24suzepavv36hlfhf/spack-src/src/axom/quest/MeshTester.hpp:127:3: error: 'umpire' has not been declared\r",
                "  >> 379    /tmp/root/spack-stage/spack-stage-axom-0.5.0-up3kn2546w2j5lm24suzepavv36hlfhf/spack-src/src/axom/quest/MeshTester.hpp:133:22: error: 'pool_allocator' was not declared in thi\r",
                "  >> 382    /tmp/root/spack-stage/spack-stage-axom-0.5.0-up3kn2546w2j5lm24suzepavv36hlfhf/spack-src/src/axom/quest/MeshTester.hpp:144:57: error: 'umpire' has not been declared\r",
                "  >> 385    /tmp/root/spack-stage/spack-stage-axom-0.5.0-up3kn2546w2j5lm24suzepavv36hlfhf/spack-src/src/axom/quest/MeshTester.hpp:144:28: error: there are no arguments to 'getUmpireReso\r"
            ],
            "parsed": [
                "error spinbvh class requires raja u",
                "umpire declared",
                "rm declared scope",
                "umpire declared",
                "umpire declared",
                "umpire declared",
                "pool_allocator declared thi",
                "umpire declared",
                "arguments getumpirereso"
            ]
        },
        "17677": {
            "raw": [
                "  >> 3732    collect2: error: ld returned 1 exit status\r"
            ],
            "parsed": [
                "ld returned exit status"
            ]
        },
        "26068": {
            "raw": [
                "                error: Where to send stderr\r",
                "            Accepted values for input, output, and error:\r",
                "                error: Where to send stderr\r",
                "            Accepted values for input, output, and error:\r"
            ],
            "parsed": [
                "send stderr",
                "send stderr"
            ]
        },
        "28335": {
            "raw": [
                "  >> 4    configure: error: unrecognized option: `--foo'\r"
            ],
            "parsed": [
                "unrecognized option foo"
            ]
        },
        "9976": {
            "raw": [
                "  >> 2072    config.h:3951:25: error: 'undef' undeclared here (not in a function); did you mean 'index'?\r"
            ],
            "parsed": [
                "undef undeclared function mean index"
            ]
        },
        "12712": {
            "raw": [
                "            phic error: cannot open source file \"boost/preprocessor/list/detail\r",
                "            phic error: cannot open source file \"boost/preprocessor/list/detail\r"
            ],
            "parsed": [
                "open source file detail",
                "open source file detail"
            ]
        },
        "15520": {
            "raw": [
                "  >> 13    configure: error: in `/.../.../spack/build-stage/spack-stage-gdbm-1.18.1-nqqrcgpbhdvfe74ep4syqkawx4iyft2z/spack-src':\r",
                "  >> 14    configure: error: C compiler cannot create executables\r",
                "  >> 6    configure: error: in `/.../.../spack/build-stage/spack-stage-pkgconf-1.6.3-shycdu3s7i45xon6o5sjun6ie5tzyvlb/spack-src':\r",
                "  >> 7    configure: error: C compiler cannot create executables\r"
            ],
            "parsed": [
                "c compiler create executables",
                "c compiler create executables"
            ]
        },
        "15393": {
            "raw": [
                "I am trying to build intel-mkl@2019.5.281, but I get the following error:\r"
            ],
            "parsed": []
        },
        "5112": {
            "raw": [
                "As shown in the stack trace above, `package.py` try to execute python built for compute node resulting in error:\r"
            ],
            "parsed": []
        },
        "22222": {
            "raw": [
                "I finally started getting a very early error:\r"
            ],
            "parsed": []
        },
        "21299": {
            "raw": [
                "  >> 194     g++: error: unrecognized command line option '-march=native'; did you mean '-mcpu=native'?\r"
            ],
            "parsed": [
                "unrecognized command line option marchnative mean mcpunative"
            ]
        },
        "22464": {
            "raw": [
                "With this [packages.yaml](https://gist.github.com/corbett5/15668c82d23d07ed26c68d968269ddda) I get the following error:\r"
            ],
            "parsed": []
        },
        "23453": {
            "raw": [
                "  >> 235    ../src/util/u_queue.c:186:7: error: implicit declaration of function 'timespec_get' is invalid in C99 [-Werror,-Wimplicit-function-declaration]\r"
            ],
            "parsed": [
                "implicit declaration function timespec_get invalid c werrorwimplicitfunctiondeclaration"
            ]
        },
        "16298": {
            "raw": [
                "error: failed to run custom build command for `onig_sys v69.2.0`\r",
                "cargo:warning=couldn't execute `llvm-config --prefix` (error: No such file or directory (os error 2))\r",
                "error: failed to compile `bat v0.12.1 (/tmp/george.hartzell/spack-stage/spack-stage-bat-0.12.1-dwomjln4rqjvhzclufu6ib2p3cu7v5lr/spack-src)`, intermediate artifacts can be found at `/tmp/george.hartzell/spack-stage/spack-stage-bat-0.12.1-dwomjln4rqjvhzclufu6ib2p3cu7v5lr/spack-src/target`\r"
            ],
            "parsed": [
                "failed run custom build command onig_sys v",
                "file directory os error",
                "failed compile bat v spacksrc intermediate artifacts found target"
            ]
        },
        "6274": {
            "raw": [
                "malloc.c:404:15: error: return type is an incomplete type\r",
                "malloc.c:410:19: error: storage size of 'ms' isn't known\r"
            ],
            "parsed": [
                "return type incomplete type",
                "storage size ms isnt known"
            ]
        },
        "27163": {
            "raw": [
                "/bin/sh: 1: Syntax error: end of file unexpected (expecting \")\")\r"
            ],
            "parsed": [
                "end file unexpected expecting"
            ]
        },
        "13051": {
            "raw": [
                "  >> 45    src/include/petsc4py/numpy.h(11): catastrophic error: cannot open source file \"numpy/arrayobject.h\"\r",
                "  >> 54    error: command 'cc' failed with exit status 4\r"
            ],
            "parsed": [
                "open source file arrayobjecth",
                "command cc failed exit status"
            ]
        },
        "14426": {
            "raw": [
                "  >> 3514    clang: error: linker command failed with exit code 1 (use -v to see invocation)\r"
            ],
            "parsed": [
                "linker command failed exit code use v see invocation"
            ]
        },
        "5693": {
            "raw": [
                "`fatal error: ufc.h: No such file or directory`\r"
            ],
            "parsed": [
                "ufch file directory"
            ]
        },
        "12727": {
            "raw": [
                "With\u00a0spack install scorep\u00a0%clang@9.0.0\u00a0^spectrum-mpi@rolling-release, error:\r",
                "\u00a0\u00a0>> 91\u00a0 \u00a0 clang-9: error: nvlink command failed with exit code 1 (use -v to see invocation)\r"
            ],
            "parsed": [
                "nvlink command failed exit code use v see invocation"
            ]
        },
        "11137": {
            "raw": [
                "  >> 41    configure: error: in `/home/davydden/spack/var/spack/stage/hypre-2.15.1-tyrd6dwkdxwjzbudmrvhidgfs7ypdefp/hypre-2.15.1/src':\r",
                "  >> 42    configure: error: linking to Fortran libraries from C fails\r"
            ],
            "parsed": [
                "linking fortran libraries c fails"
            ]
        },
        "17048": {
            "raw": [
                "collect2: error: ld returned 1 exit status\r",
                "collect2: error: ld returned 1 exit status\r",
                "collect2: error: ld returned 1 exit status\r"
            ],
            "parsed": [
                "ld returned exit status",
                "ld returned exit status",
                "ld returned exit status"
            ]
        },
        "18059": {
            "raw": [
                "  >> 15    configure: error: in `/tmp/spack/spack-stage/spack-stage-fftw-3.3.8-kjwdaran4sv6ponlam6od7arp54niivh/spack-src/double':\r",
                "  >> 16    configure: error: C compiler cannot create executables\r"
            ],
            "parsed": [
                "c compiler create executables"
            ]
        },
        "23943": {
            "raw": [
                "  >> 1668    collect2: error: ld returned 1 exit status\r",
                "  >> 1673    collect2: error: ld returned 1 exit status\r",
                "  >> 1677    collect2: error: ld returned 1 exit status\r",
                "  >> 1680    collect2: error: ld returned 1 exit status\r",
                "  >> 1685    collect2: error: ld returned 1 exit status\r"
            ],
            "parsed": [
                "ld returned exit status",
                "ld returned exit status",
                "ld returned exit status",
                "ld returned exit status",
                "ld returned exit status"
            ]
        },
        "28196": {
            "raw": [
                "collect2: error: ld returned 1 exit status\r"
            ],
            "parsed": [
                "ld returned exit status"
            ]
        },
        "29477": {
            "raw": [
                "error: aborting due to 2 previous errors\r",
                "error: could not compile `tonic`.\r",
                "error: build failed\r"
            ],
            "parsed": [
                "aborting due previous errors",
                "could compile tonic",
                "build failed"
            ]
        },
        "22252": {
            "raw": [
                "  >> 13909    /home/apvieira/spack/opt/spack/linux-ubuntu20.04-skylake/gcc-9.3.0/gcc-6.5.0-higw6lauclxiqjqoov362usjiyx4bag7/include/c++/6.5.0/bits/c++0x_warning.h:32:2: error: #error This file requires compiler and library support for the ISO C++ 2011 standard. This supp\r",
                "  >> 13915    /usr/include/unicode/umachine.h:376:13: error: 'char16_t' does not name a type\r",
                "  >> 13921    /usr/include/unicode/uversion.h:159:55: error: 'UChar' does not name a type\r"
            ],
            "parsed": [
                "error file requires compiler library support iso c standard supp",
                "char_t name type",
                "uchar name type"
            ]
        },
        "8445": {
            "raw": [
                "  >> 22700    collect2: error: ld returned 1 exit status\r"
            ],
            "parsed": [
                "ld returned exit status"
            ]
        },
        "25179": {
            "raw": [
                "  >> 2824    install_name_tool: error: sh -c '/Applications/Xcode.app/Contents/Developer/usr/bin/xcodebuild -sdk /Applications/Xcode.app/Contents/Developer/Platforms/MacOSX.platform/Developer/SDKs/MacOSX.sdk -find install_name_tool 2> /dev/null'\r"
            ],
            "parsed": [
                "sh c xcodebuild sdk macosxsdk find install_name_tool null"
            ]
        },
        "6144": {
            "raw": [
                "I used Spack to install `intel-parallel-studio@professional.2018.0` and `intel-mpi@2018.0.128` (and `intel-mkl@2018.0.128`) on Rocks cluster 6.2/CentOS 6.6, and added the snippet at the end to `compilers.yaml`. Then when I tried to do `spack install elpa %intel@2018.0.128.6.4.0 ^intel-mkl@2018.0.128 ^intel-mpi@2018.0.128`, it gave an error: \r",
                "    19    configure: error: in `/tmp/soft/spack-stage/spack-stage-UdeA2T/elpa-2016.05.004/spack-build':\r",
                "    20    configure: error: C compiler cannot create executables\r"
            ],
            "parsed": [
                "c compiler create executables"
            ]
        },
        "22333": {
            "raw": [
                "  >> 485    tophat_reports.cpp:2708:128: error: no matching function for call t\r"
            ],
            "parsed": [
                "matching function call"
            ]
        },
        "6647": {
            "raw": [
                "  >> 254   configure: error: to build Octave, the C++ to Fortran calling convention must be known.\r"
            ],
            "parsed": [
                "build octave c fortran calling convention must known"
            ]
        },
        "26799": {
            "raw": [
                "\"/usr/bin/python3: symbol lookup error: /usr/bin/python3: undefined symbol: _Py_LegacyLocaleDetected\"\r",
                "\"/usr/bin/python3: symbol lookup error: /usr/bin/python3: undefined symbol: _Py_LegacyLocaleDetected\"\r"
            ],
            "parsed": [
                "python undefined symbol _py_legacylocaledetected",
                "python undefined symbol _py_legacylocaledetected"
            ]
        },
        "9900": {
            "raw": [
                "/lustre/home/rpm/spack/var/spack/stage/visit-2.13.0-v7didksquzqz43eapa5d3jecgerovkc4/visit2.13.0/src/vtkqt/vtkQtRenderWindow.C:6:27: fatal error: QVTKWidget2.h: No such file\r"
            ],
            "parsed": [
                "qvtkwidgeth file"
            ]
        },
        "22567": {
            "raw": [
                "curl: (22) The requested URL returned error: 404 Not Found\r",
                "curl: (22) The requested URL returned error: 404 Not Found\r"
            ],
            "parsed": []
        },
        "19925": {
            "raw": [
                "The OpenMPI build fails if you specify +pmi. Here the error:\r",
                "  >> 169    configure: error: Aborting\r"
            ],
            "parsed": []
        },
        "13502": {
            "raw": [
                "             tcdf_par.h:17:23: fatal error: ncexternl.h: No such file or direct\r",
                "/data/software/dealii-9.1.1/opt/spack/linux-ubuntu16.04-broadwell/gcc-5.4.0/netcdf-4.7.2-w4i4tjf4wao67h37s4ct4ymyl3jhr7ru/include/netcdf_par.h:17:23: fatal error: ncexternl.h: No such file or directory\r"
            ],
            "parsed": [
                "ncexternlh file direct",
                "ncexternlh file directory"
            ]
        },
        "10455": {
            "raw": [
                "which causes spack to fail with the error:\r"
            ],
            "parsed": []
        },
        "8605": {
            "raw": [
                "  >> 886    collect2: error: ld returned 1 exit status\r"
            ],
            "parsed": [
                "ld returned exit status"
            ]
        },
        "16246": {
            "raw": [
                "2020-04-22T19:21:18.6771310Z   >> 25678    clang: error: linker command failed with exit code 1 (use -v to s\r"
            ],
            "parsed": [
                "linker command failed exit code use v"
            ]
        },
        "17512": {
            "raw": [
                "Running on linux, trying to test installing visit, I hit the following error:\r"
            ],
            "parsed": []
        },
        "22759": {
            "raw": [
                "numpy/core/src/common/simd/vsx/operators.h:133:29: error: implicit declaration of function \r",
                "numpy/core/src/_simd/_simd.dispatch.c.src:314:1: error: AltiVec argument passed to unprotot\r"
            ],
            "parsed": [
                "implicit declaration function",
                "altivec argument passed unprotot"
            ]
        },
        "9591": {
            "raw": [
                "  >> 3030    /usr/local/cuda/include/host_config.h:119:2: error: #error -- unsu\r"
            ],
            "parsed": [
                "error unsu"
            ]
        },
        "24128": {
            "raw": [
                "clang-10: error: unknown argument: '-fstack-clash-protection'\r",
                "clang-10: error: unknown argument: '-fstack-clash-protection'\r",
                "clang-10: error: unknown argument: '-fstack-clash-protection'\r",
                "error: command '/lustre/software/aarch64/spack/lib/spack/env/cce/cc' failed with exit status 1\r"
            ],
            "parsed": [
                "unknown argument fstackclashprotection",
                "unknown argument fstackclashprotection",
                "unknown argument fstackclashprotection",
                "command cc failed exit status"
            ]
        },
        "10573": {
            "raw": [
                "However if I do `spack uninstall --dependents py-numpy` I get a permission error:\r"
            ],
            "parsed": []
        },
        "24434": {
            "raw": [
                "  >> 14    configure: error: in `/tmp/kitayama1/spack-stage/spack-stage-libiconv-1.16-6skh44qvimekythdydj\r",
                "  >> 15    configure: error: C compiler cannot create executables\r",
                "  >> 6    configure: error: in `/tmp/kitayama1/spack-stage/spack-stage-pkgconf-1.7.4-xfebioutsmqwvhc5iidv\r",
                "  >> 7    configure: error: C compiler cannot create executables\r",
                "  >> 38    configure: error: in `/tmp/kitayama1/spack-stage/spack-stage-xz-5.2.5-nrkfx5j3fo23mn5bug5h725q\r",
                "  >> 39    configure: error: C compiler cannot create executables\r",
                "  >> 61    configure: error: in `/tmp/kitayama1/spack-stage/spack-stage-berkeley-db-18.1.40-34qf24k2av6hq\r",
                "  >> 62    configure: error: C compiler cannot create executables\r",
                "  >> 14    configure: error: in `/tmp/kitayama1/spack-stage/spack-stage-libsigsegv-2.13-zo36kvjoyyo7yciem\r",
                "  >> 15    configure: error: C compiler cannot create executables\r",
                "  >> 14    configure: error: in `/tmp/kitayama1/spack-stage/spack-stage-libmd-1.0.3-3qejapz3ehnz3ql4yyjt5\r",
                "  >> 15    configure: error: C compiler cannot create executables\r",
                "  >> 22    configure: error: in `/tmp/kitayama1/spack-stage/spack-stage-libffi-3.3-7yw3nxczf3ptiy7lynzfyr\r",
                "  >> 23    configure: error: C compiler cannot create executables\r",
                "  >> 14    configure: error: in `/tmp/kitayama1/spack-stage/spack-stage-pcre-8.44-e6dqd6o7rszkh3k3pxiz5ke\r",
                "  >> 15    configure: error: C compiler cannot create executables\r"
            ],
            "parsed": [
                "c compiler create executables",
                "c compiler create executables",
                "c compiler create executables",
                "c compiler create executables",
                "c compiler create executables",
                "c compiler create executables",
                "c compiler create executables",
                "c compiler create executables"
            ]
        },
        "20469": {
            "raw": [
                "199 /tmp/spack/spack-stage/spack-stage-w5G6WU/rdma-core-28.0/spack-build/include/util/mmio.h(154): error: expression must have pointer-to-struct-or-union type\r",
                "204 /tmp/spack/spack-stage/spack-stage-w5G6WU/rdma-core-28.0/spack-build/include/util/mmio.h(159): error: expression must have pointer-to-struct-or-union type\r",
                "209 /tmp/spack/spack-stage/spack-stage-w5G6WU/rdma-core-28.0/spack-build/include/util/mmio.h(164): error: expression must have pointer-to-struct-or-union type\r",
                "214 /tmp/spack/spack-stage/spack-stage-w5G6WU/rdma-core-28.0/spack-build/include/util/mmio.h(164): error: expression must have pointer-to-struct-or-union type\r",
                "219 /tmp/spack/spack-stage/spack-stage-w5G6WU/rdma-core-28.0/spack-build/include/util/mmio.h(165): error: expression must have pointer-to-struct-or-union type\r",
                "224 /tmp/spack/spack-stage/spack-stage-w5G6WU/rdma-core-28.0/spack-build/include/util/mmio.h(165): error: expression must have pointer-to-struct-or-union type\r",
                "229 /tmp/spack/spack-stage/spack-stage-w5G6WU/rdma-core-28.0/spack-build/include/util/mmio.h(167): error: expression must have pointer-to-struct-or-union type\r",
                "234 /tmp/spack/spack-stage/spack-stage-w5G6WU/rdma-core-28.0/spack-build/include/util/mmio.h(167): error: expression must have pointer-to-struct-or-union type\r",
                "239 /tmp/spack/spack-stage/spack-stage-w5G6WU/rdma-core-28.0/spack-build/include/util/mmio.h(168): error: expression must have pointer-to-struct-or-union type\r",
                "244 /tmp/spack/spack-stage/spack-stage-w5G6WU/rdma-core-28.0/spack-build/include/util/mmio.h(168): error: expression must have pointer-to-struct-or-union type\r",
                "249 /tmp/spack/spack-stage/spack-stage-w5G6WU/rdma-core-28.0/spack-build/include/util/mmio.h(171): error: expression must have pointer-to-struct-or-union type\r",
                "254 /tmp/spack/spack-stage/spack-stage-w5G6WU/rdma-core-28.0/spack-build/include/util/mmio.h(171): error: expression must have pointer-to-struct-or-union type\r",
                "259 /tmp/spack/spack-stage/spack-stage-w5G6WU/rdma-core-28.0/spack-build/include/util/mmio.h(172): error: expression must have pointer-to-struct-or-union type\r",
                "264 /tmp/spack/spack-stage/spack-stage-w5G6WU/rdma-core-28.0/spack-build/include/util/mmio.h(172): error: expression must have pointer-to-struct-or-union type\r"
            ],
            "parsed": [
                "expression must pointertostructorunion type",
                "expression must pointertostructorunion type",
                "expression must pointertostructorunion type",
                "expression must pointertostructorunion type",
                "expression must pointertostructorunion type",
                "expression must pointertostructorunion type",
                "expression must pointertostructorunion type",
                "expression must pointertostructorunion type",
                "expression must pointertostructorunion type",
                "expression must pointertostructorunion type",
                "expression must pointertostructorunion type",
                "expression must pointertostructorunion type",
                "expression must pointertostructorunion type",
                "expression must pointertostructorunion type"
            ]
        },
        "7898": {
            "raw": [
                "  >> 7694    ../../../3rdparty/phonon/qt7/quicktimevideoplayer.h:23:9: fatal error: 'QTKit/QTDataReference.h' file not fou\r"
            ],
            "parsed": [
                "qtdatareferenceh file fou"
            ]
        },
        "23142": {
            "raw": [
                "hello.c:1:10: fatal error: 'stdio.h' file not found\r"
            ],
            "parsed": [
                "stdioh file found"
            ]
        },
        "21396": {
            "raw": [
                "If I remove --delim \" \" from the modulefile I no longer get the error when loading the modules however, wayland fails to install with the following error:\r",
                "     ``152    configure: error: Documentation build requested but docbook-xsl stylesheets are not found. Install the docbook-xsl package or disable the documentation using --disable-documentation``\r"
            ],
            "parsed": [
                "documentation build requested docbookxsl stylesheets found install docbookxsl package disable documentation using disabledocumentation"
            ]
        },
        "22807": {
            "raw": [
                "  >> 8    configure.ac:13: error: required file 'build-aux/ltmain.sh' not found\r"
            ],
            "parsed": [
                "required file ltmainsh found"
            ]
        },
        "10674": {
            "raw": [
                "  * 941    checking whether we are cross compiling... configure: error: in `/tmp/root/spack-stage/spack-stage-3WAodj/mvapich2-2.3/src/mpi/romio':\r",
                "  * 942    configure: error: cannot run C compiled programs.\r",
                "  * 945    configure: error: src/mpi/romio configure failed\r",
                "  >> 941    checking whether we are cross compiling... configure: error: in `/tmp/root/spack-stage/spack-stage-NdXpGg/mvapich2-2.3/src/mpi/romio':\r",
                "  >> 942    configure: error: cannot run C compiled programs.\r",
                "  >> 945    configure: error: src/mpi/romio configure failed\r",
                "  >> 941    checking whether we are cross compiling... configure: error: in `/tmp/root/spack-stage/spack-stage-d6z5R6/mvapich2-2.3/src/mpi/romio':\r",
                "  >> 942    configure: error: cannot run C compiled programs.\r",
                "  >> 945    configure: error: src/mpi/romio configure failed\r"
            ],
            "parsed": [
                "run c compiled programs",
                "romio configure failed",
                "run c compiled programs",
                "romio configure failed",
                "run c compiled programs",
                "romio configure failed"
            ]
        },
        "12061": {
            "raw": [
                "  >> 228    collect2: error: ld returned 1 exit status\r",
                "  >> 236    collect2: error: ld returned 1 exit status\r",
                "  >> 242    collect2: error: ld returned 1 exit status\r",
                "  >> 248    collect2: error: ld returned 1 exit status\r",
                "  >> 254    collect2: error: ld returned 1 exit status\r",
                "  >> 260    collect2: error: ld returned 1 exit status\r",
                "  >> 266    collect2: error: ld returned 1 exit status\r",
                "  >> 269    collect2: error: ld returned 1 exit status\r",
                "  >> 278    /usr/collect2: error: ld returned 1 exit status\r",
                "  >> 281    collect2: error: ld returned 1 exit status\r",
                "  >> 284    collect2: error: ld returned 1 exit status\r",
                "  >> 296    collect2: error: ld returned 1 exit status\r"
            ],
            "parsed": [
                "ld returned exit status",
                "ld returned exit status",
                "ld returned exit status",
                "ld returned exit status",
                "ld returned exit status",
                "ld returned exit status",
                "ld returned exit status",
                "ld returned exit status",
                "ld returned exit status",
                "ld returned exit status",
                "ld returned exit status",
                "ld returned exit status"
            ]
        },
        "26003": {
            "raw": [
                ">> 931     src/ProfileTable.hpp:79:45: error: 'string' in namespace 'std' does not name a type\r",
                ">> 948     src/ProfileTable.hpp:169:77: error: template argument 2 is invalid\r",
                ">> 1037    src/ProfileTable.cpp:234:10: error: no declaration matches 'bool geopm::ProfileTableImp::name_set(size_t, std::set<std::__cxx11::basic_string<char> >&)'\r"
            ],
            "parsed": [
                "string namespace std name type",
                "template argument invalid",
                "declaration matches bool geopmprofiletableimpname_setsize_t stdsetstd__cxxbasic_stringchar"
            ]
        },
        "23036": {
            "raw": [
                "  >> 3736    clang: error: the clang compiler does not support '-march=skylake'\r"
            ],
            "parsed": [
                "clang compiler support marchskylake"
            ]
        },
        "7901": {
            "raw": [
                "When I try to spec petsc I see the following error:\r"
            ],
            "parsed": []
        },
        "16936": {
            "raw": [
                "  >> 279    meep_wrap.cxx:1384:23: error: 'SCM_VECTORP' was not declared in thi\r",
                "  >> 282    meep_wrap.cxx:1384:47: error: 'SCM_VECTOR_LENGTH' was not declared \r",
                "  >> 279    meep_wrap.cxx:1384:23: error: 'SCM_VECTORP' was not declared in thi\r",
                "  >> 282    meep_wrap.cxx:1384:47: error: 'SCM_VECTOR_LENGTH' was not declared \r"
            ],
            "parsed": [
                "scm_vectorp declared thi",
                "scm_vector_length declared",
                "scm_vectorp declared thi",
                "scm_vector_length declared"
            ]
        },
        "26705": {
            "raw": [
                "  >> 1716    /tmp/sdouyeb/spack-stage/spack-stage-cpio-2.13-kyb4ylvxyqlfnfscw6qhqc7i2i2xvdr3/spack-src/gnu/xalloc.h(107): error: argument is incompatible with formal parameter\r",
                "  >> 1721    /tmp/sdouyeb/spack-stage/spack-stage-cpio-2.13-kyb4ylvxyqlfnfscw6qhqc7i2i2xvdr3/spack-src/gnu/xalloc.h(120): error: argument is incompatible with formal parameter\r",
                "  >> 1731    /tmp/sdouyeb/spack-stage/spack-stage-cpio-2.13-kyb4ylvxyqlfnfscw6qhqc7i2i2xvdr3/spack-src/gnu/xalloc.h(107): error: argument is incompatible with formal parameter\r",
                "  >> 1736    /tmp/sdouyeb/spack-stage/spack-stage-cpio-2.13-kyb4ylvxyqlfnfscw6qhqc7i2i2xvdr3/spack-src/gnu/xalloc.h(120): error: argument is incompatible with formal parameter\r",
                "  >> 1790    /tmp/sdouyeb/spack-stage/spack-stage-diffutils-3.8-frylsajtddqljwp4sz7vetfm6m6ja47s/spack-src/lib/malloca.c(52): error: argument is incompatible with formal parameter\r",
                "  >> 1797    /tmp/sdouyeb/spack-stage/spack-stage-diffutils-3.8-frylsajtddqljwp4sz7vetfm6m6ja47s/spack-src/lib/nstrftime.c(691): error: argument is incompatible with formal parameter\r",
                "  >> 1801    /tmp/sdouyeb/spack-stage/spack-stage-diffutils-3.8-frylsajtddqljwp4sz7vetfm6m6ja47s/spack-src/lib/nstrftime.c(691): error: argument is incompatible with formal parameter\r",
                "  >> 1805    /tmp/sdouyeb/spack-stage/spack-stage-diffutils-3.8-frylsajtddqljwp4sz7vetfm6m6ja47s/spack-src/lib/nstrftime.c(692): error: argument is incompatible with formal parameter\r"
            ],
            "parsed": [
                "argument incompatible formal parameter",
                "argument incompatible formal parameter",
                "argument incompatible formal parameter",
                "argument incompatible formal parameter",
                "argument incompatible formal parameter",
                "argument incompatible formal parameter",
                "argument incompatible formal parameter",
                "argument incompatible formal parameter"
            ]
        },
        "28053": {
            "raw": [
                "  >> 1557    ../Source/spqr_parallel.cpp(10): catastrophic error: cannot open source file \"tbb/task_scheduler_init.h\"\r"
            ],
            "parsed": [
                "open source file task_scheduler_inith"
            ]
        },
        "14617": {
            "raw": [
                "  >> 73    configure: error: C++ compiler not available, see config.log for details\r",
                "  >> 73    configure: error: C++ compiler not available, see config.log for details\r"
            ],
            "parsed": [
                "c compiler available see configlog details",
                "c compiler available see configlog details"
            ]
        },
        "14528": {
            "raw": [
                "  >> 80    google/protobuf/pyext/repeated_composite_container.cc:49:10: fatal error: google/protobuf/stubs/map_util.h: No such file or directory\r"
            ],
            "parsed": [
                "map_utilh file directory"
            ]
        },
        "16795": {
            "raw": [
                "curl: (22) The requested URL returned error: 404 Not Found\r",
                "curl: (22) The requested URL returned error: 404 Not Found\r",
                "curl: (22) The requested URL returned error: 404 Not Found\r",
                "curl: (22) The requested URL returned error: 404 Not Found\r",
                "curl: (22) The requested URL returned error: 404 Not Found\r",
                "curl: (22) The requested URL returned error: 404 Not Found\r",
                "curl: (22) The requested URL returned error: 404 Not Found\r",
                "curl: (22) The requested URL returned error: 404 Not Found\r",
                "curl: (22) The requested URL returned error: 404 Not Found\r",
                "curl: (22) The requested URL returned error: 404 Not Found\r",
                "curl: (22) The requested URL returned error: 404 Not Found\r",
                "curl: (22) The requested URL returned error: 404 Not Found\r",
                "curl: (22) The requested URL returned error: 404 Not Found\r",
                "curl: (22) The requested URL returned error: 404 Not Found\r",
                "curl: (22) The requested URL returned error: 404 Not Found\r",
                "curl: (22) The requested URL returned error: 404 Not Found\r"
            ],
            "parsed": []
        },
        "27000": {
            "raw": [
                "gcc: error: unrecognized command-line option '-showconfig'; did you mean '-mpconfig'?\r"
            ],
            "parsed": [
                "unrecognized commandline option showconfig mean mpconfig"
            ]
        },
        "6902": {
            "raw": [
                "  >> 15370 checking for suffix of object files... configure: error: in `/tmp/berceanu/spack-stage/spack-stage-e9ZEMa/gcc-5.4.0/spack-build/x86_64-unknown-linux-gnu/libgcc':\r",
                "  >> 15371 configure: error: cannot compute suffix of object files: cannot compile\r"
            ],
            "parsed": [
                "compute suffix object files compile"
            ]
        },
        "21990": {
            "raw": [
                "  >> 297    collect2: error: ld returned 1 exit status\r"
            ],
            "parsed": [
                "ld returned exit status"
            ]
        },
        "25858": {
            "raw": [
                "/tmp/wspear/spack-stage/spack-stage-tasmanian-7.5-wn73xeo7rheolvi37iiwyqyllees4rb7/spack-src/SparseGrids/tsgCudaBasisEvaluations.hpp:92:13: error: use of undeclared identifier 'threadIdx'\r"
            ],
            "parsed": [
                "use undeclared identifier threadidx"
            ]
        },
        "27955": {
            "raw": [
                "  >> 491    collect2: error: ld returned 1 exit status\r",
                "  >> 521    collect2: error: ld returned 1 exit status\r"
            ],
            "parsed": [
                "ld returned exit status",
                "ld returned exit status"
            ]
        },
        "28236": {
            "raw": [
                "    [javac] /dev/shm/nix-build-hdfview-3.1.1.drv-0/nixbld1/spack-stage-hdfview-3.1.1-z9j87c2kd1gy4wwrml91mcnmzbddh3nb/spack-src/src/hdf/object/h5/H5File.java:3055: error: incompatible types: String cannot be converted to long\r"
            ],
            "parsed": [
                "incompatible types string converted long"
            ]
        },
        "16028": {
            "raw": [
                "  >> 10591    fatal error: error in backend: Cannot emit physreg copy instruction\r",
                "  >> 10592    clang: error: clang frontend command failed with exit code 70 (use -v to see invocation)\r",
                "  >> 10591    fatal error: error in backend: Cannot emit physreg copy instruction\r",
                "  >> 10592    clang: error: clang frontend command failed with exit code 70 (use -v to see invocation)\r"
            ],
            "parsed": [
                "error backend emit physreg copy instruction",
                "clang frontend command failed exit code use v see invocation",
                "error backend emit physreg copy instruction",
                "clang frontend command failed exit code use v see invocation"
            ]
        },
        "27967": {
            "raw": [
                "  >> 204    g++: error: unrecognized command line option '-fno-gpu-rdc'\r",
                "  >> 205    g++: error: unrecognized command line option '-fno-gpu-rdc'\r",
                "  >> 206    g++: error: unrecognized command line option '-fno-gpu-rdc'\r",
                "  >> 207    g++: error: unrecognized command line option '-fno-gpu-rdc'\r",
                "  >> 217    g++: error: unrecognized command line option '--amdgpu-target=gfx906'\r",
                "  >> 222    g++: error: unrecognized command line option '-fno-gpu-rdc'\r",
                "  >> 223    g++: error: unrecognized command line option '--amdgpu-target=gfx906'\r",
                "  >> 224    g++: error: unrecognized command line option '--amdgpu-target=gfx906'\r",
                "  >> 227    g++: error: unrecognized command line option '--amdgpu-target=gfx906'\r",
                "  >> 235    g++: error: unrecognized command line option '--amdgpu-target=gfx906'\r",
                "  >> 240    g++: error: unrecognized command line option '--amdgpu-target=gfx906'\r"
            ],
            "parsed": [
                "unrecognized command line option fnogpurdc",
                "unrecognized command line option fnogpurdc",
                "unrecognized command line option fnogpurdc",
                "unrecognized command line option fnogpurdc",
                "unrecognized command line option amdgputargetgfx",
                "unrecognized command line option fnogpurdc",
                "unrecognized command line option amdgputargetgfx",
                "unrecognized command line option amdgputargetgfx",
                "unrecognized command line option amdgputargetgfx",
                "unrecognized command line option amdgputargetgfx",
                "unrecognized command line option amdgputargetgfx"
            ]
        },
        "22661": {
            "raw": [
                "trampoline.c:152: fatal error: trampoline.c:152: fatal error: RUNTIME_CHECK(((pthread_mutex_lock(((&isc__trampoline_lock))) == 0) ? 0 : 34) == 0) failedtrampoline.c:152: fatal error: RUNTIME_CHECK(((pthread_mutex_lock(((&isc__trampoline_lock))) == 0) ? 0 : 34) == 0) failedRUNTIME_CHECK(((pthread_mutex_lock(((&isc__trampoline_lock))) == 0) ? 0 : 34) == 0) failed\r",
                "trampoline.c:152: fatal error: RUNTIME_CHECK(((pthread_mutex_lock(((&isc__trampoline_lock))) == 0) ? 0 : 34) == 0) failed\r",
                "trampoline.c:152: fatal error: trampoline.c:152: fatal error: RUNTIME_CHECK(((pthread_mutex_lock(((&isc__trampoline_lock))) == 0) ? 0 : 34) == 0) failed\r",
                "trampoline.c:152: fatal error: RUNTIME_CHECK(((pthread_mutex_lock(((&isc__trampoline_lock))) == 0) ? 0 : 34) == 0) failed\r",
                "trampoline.c:152: fatal error: trampoline.c:152: fatal error: RUNTIME_CHECK(((pthread_mutex_lock(((&isc__trampoline_lock))) == 0) ? 0 : 34) == 0) failed\r",
                "trampoline.c:152: fatal error: RUNTIME_CHECK(((pthread_mutex_lock(((&isc__trampoline_lock))) == 0) ? 0 : 34) == 0) failed\r",
                "trampoline.c:152: fatal error: RUNTIME_CHECK(((pthread_mutex_lock(((&isc__trampoline_lock))) == 0) ? 0 : 34) == 0) failed\r"
            ],
            "parsed": [
                "trampolinec fatal error runtime_checkpthread_mutex_lockisc__trampoline_lock failedtrampolinec fatal error runtime_checkpthread_mutex_lockisc__trampoline_lock failedruntime_checkpthread_mutex_lockisc__trampoline_lock failed",
                "runtime_checkpthread_mutex_lockisc__trampoline_lock failed",
                "trampolinec fatal error runtime_checkpthread_mutex_lockisc__trampoline_lock failed",
                "runtime_checkpthread_mutex_lockisc__trampoline_lock failed",
                "trampolinec fatal error runtime_checkpthread_mutex_lockisc__trampoline_lock failed",
                "runtime_checkpthread_mutex_lockisc__trampoline_lock failed",
                "runtime_checkpthread_mutex_lockisc__trampoline_lock failed"
            ]
        },
        "25874": {
            "raw": [
                "/usr/include/gnu/stubs.h:7:11: fatal error: 'gnu/stubs-32.h' file not found\r"
            ],
            "parsed": [
                "stubsh file found"
            ]
        },
        "11061": {
            "raw": [
                "collect2: error: ld returned 1 exit status\r",
                "collect2: error: ld returned 1 exit status\r"
            ],
            "parsed": [
                "ld returned exit status",
                "ld returned exit status"
            ]
        },
        "19268": {
            "raw": [
                "  >> 6    configure: error: in `/mnt/lustre01/sw/sw-spack/spack-stage/k202129/s\r",
                "  >> 7    configure: error: C compiler cannot create executables\r"
            ],
            "parsed": [
                "c compiler create executables"
            ]
        },
        "8324": {
            "raw": [
                "  >> 7269    ../Include/spqr.hpp(939): error: namespace \"std\" has no member \"conj\"\r",
                "  >> 7497    ../Include/spqr.hpp(23): error: qualified name is not allowed\r",
                "  >> 7506    ../Include/spqr.hpp(23): error: expected a \";\"\r"
            ],
            "parsed": [
                "namespace std member conj",
                "qualified name allowed"
            ]
        },
        "8314": {
            "raw": [
                "  >> 712    clang-6.0: error: linker command failed with exit code 1 (use -v to see invocation)\r"
            ],
            "parsed": [
                "linker command failed exit code use v see invocation"
            ]
        },
        "27157": {
            "raw": [
                "error: spack spec hpctoolkit +rocm failed\r"
            ],
            "parsed": [
                "spack spec hpctoolkit rocm failed"
            ]
        },
        "26523": {
            "raw": [
                "            35ra5b55mstx/spack-src/include/gsl/multi_span:1532:44: error: array\r",
                "            35ra5b55mstx/spack-src/include/gsl/multi_span:1532:44: error: array\r",
                "            35ra5b55mstx/spack-src/include/gsl/multi_span:1532:44: error: array\r",
                "            35ra5b55mstx/spack-src/include/gsl/multi_span:1467:96: error: array\r"
            ],
            "parsed": []
        },
        "18158": {
            "raw": [
                "  >> 168    checking for fftw... configure: error: --with-fftw-prefix given, bu\r",
                "  >> 168    checking for fftw... configure: error: --with-fftw-prefix given, bu\r",
                "spack debug: error: argument SUBCOMMAND: invalid choice: 'report' choose from:\r"
            ],
            "parsed": [
                "withfftwprefix given bu",
                "withfftwprefix given bu",
                "argument subcommand invalid choice report choose"
            ]
        },
        "17039": {
            "raw": [
                "  >> 19    configure: error: The installed version of autoconf does not work.\r",
                "  >> 19    configure: error: The installed version of autoconf does not work.\r"
            ],
            "parsed": [
                "installed version autoconf work",
                "installed version autoconf work"
            ]
        },
        "15229": {
            "raw": [
                "./md-unwind-support.h:65:47: error: dereferencing pointer to incomplete type\r"
            ],
            "parsed": [
                "dereferencing pointer incomplete type"
            ]
        },
        "27259": {
            "raw": [
                "            lib/c-stack.c:55:26: error: missing binary operator before token \"(\"\r",
                "            lib/c-stack.c:134:8: error: variably modified 'buffer' at file scope\r",
                "/tmp/primrose/spack-stage/spack-stage-m4-1.4.18-j25l3ycw7ih65qtme45fobghfvxjaxyn/spack-src/lib/c-stack.c:55:26: error: missing binary operator before token \"(\"\r",
                "/tmp/primrose/spack-stage/spack-stage-m4-1.4.18-j25l3ycw7ih65qtme45fobghfvxjaxyn/spack-src/lib/c-stack.c:134:8: error: variably modified 'buffer' at file scope\r"
            ],
            "parsed": [
                "missing binary operator token",
                "variably modified buffer file scope",
                "missing binary operator token",
                "variably modified buffer file scope"
            ]
        },
        "23535": {
            "raw": [
                "Warning, treated as error:\r"
            ],
            "parsed": []
        },
        "26308": {
            "raw": [
                "             0/hdf5-1.10.7-wvfxeuy2ffhbhpvixzvdx6ih43trnurb/include/H5public.h:63:13: fatal error: mp\r",
                "             0/hdf5-1.10.7-wvfxeuy2ffhbhpvixzvdx6ih43trnurb/include/H5public.h:63:13: fatal error: mp\r",
                "             0/hdf5-1.10.7-wvfxeuy2ffhbhpvixzvdx6ih43trnurb/include/H5public.h:63:13: fatal error: mp\r"
            ],
            "parsed": []
        },
        "6235": {
            "raw": [
                "When run spack install petsc, I encounter the following error:\r"
            ],
            "parsed": []
        },
        "25932": {
            "raw": [
                "collect2: error: ld returned 1 exit status\r"
            ],
            "parsed": [
                "ld returned exit status"
            ]
        },
        "21475": {
            "raw": [
                "@becker33  suggested running with PR https://github.com/spack/spack/pull/20720 (https://github.com/spack/spack/pull/20720/commits/83c9a32032891305aeff9a8293321860b8691baa), but that produced a different error:\r"
            ],
            "parsed": []
        },
        "10693": {
            "raw": [
                "     263    configure: error: Cannot continue\r",
                "    25    configure: error: in `/tmp/root/spack-stage/spack-stage-M2LwRW/hwloc-1.11.11':\r",
                "    26    configure: error: C compiler cannot create executables\r"
            ],
            "parsed": [
                "c compiler create executables"
            ]
        },
        "25418": {
            "raw": [
                "  >> 38      gcc: error: unrecognized command line option '-we147'\r",
                "  >> 39      gcc: error: unrecognized command line option '-mp'; did you mean '-p'?\r",
                "  >> 40      gcc: error: unrecognized command line option '-no-gcc'; did you mean '-fno-dce'?\r",
                "  >> 959     inline.h(149): error: identifier \"__INT_MAX__\" is undefined\r",
                "  >> 963     pad.c(329): error: type name is not allowed\r"
            ],
            "parsed": [
                "unrecognized command line option",
                "unrecognized command line option mp mean p",
                "unrecognized command line option nogcc mean fnodce",
                "identifier __int_max__ undefined",
                "type name allowed"
            ]
        },
        "24666": {
            "raw": [
                "  >> 4143    gcc: error: million.o: No such file or directory\r",
                "  >> 4144    gcc: error: fldcw_check.o: No such file or directory\r",
                "  >> 4145    gcc: error: complex_rep.o: No such file or directory\r",
                "  >> 4146    gcc: error: rep_prefix.o: No such file or directory\r"
            ],
            "parsed": [
                "milliono file directory",
                "fldcw_checko file directory",
                "complex_repo file directory",
                "rep_prefixo file directory"
            ]
        },
        "21462": {
            "raw": [
                "### The error:\r"
            ],
            "parsed": []
        },
        "26026": {
            "raw": [
                "<cmd>: error: file could not be opened:\r"
            ],
            "parsed": [
                "file could opened"
            ]
        },
        "6401": {
            "raw": [
                "  >> 94    configure: error: could not find mpi library for --enable-mpi\r"
            ],
            "parsed": [
                "could find mpi library enablempi"
            ]
        },
        "16689": {
            "raw": [
                "clang-10: error: linker command failed with exit code 1 (use -v to see invocation)\r"
            ],
            "parsed": [
                "linker command failed exit code use v see invocation"
            ]
        },
        "8557": {
            "raw": [
                "  >> 1917    /tmp/wang102/spack-stage/spack-stage-ATzzS_/cmake-3.11.3/Source/kwsys/ProcessUNIX.c(2871): error: identifier \"SIG_UNBLOCK\" is u\r",
                "  >> 1921    /tmp/wang102/spack-stage/spack-stage-ATzzS_/cmake-3.11.3/Source/kwsys/ProcessUNIX.c(2883): error: incomplete type is not allowe\r",
                "  >> 1925    /tmp/wang102/spack-stage/spack-stage-ATzzS_/cmake-3.11.3/Source/kwsys/ProcessUNIX.c(2884): error: expected an identifier\r",
                "  >> 1930    /tmp/wang102/spack-stage/spack-stage-ATzzS_/cmake-3.11.3/Source/kwsys/ProcessUNIX.c(2885): error: incomplete type is not allowe\r"
            ],
            "parsed": [
                "identifier sig_unblock u",
                "incomplete type allowe",
                "expected identifier",
                "incomplete type allowe"
            ]
        },
        "18202": {
            "raw": [
                "  >> 108    configure: error: Could not find MPI library in any alternative loc\r"
            ],
            "parsed": [
                "could find mpi library alternative loc"
            ]
        },
        "7581": {
            "raw": [
                "  >> 3681  [javac] /tmp/las_yifanzhu/spack-stage/spack-stage-zrzoEl/RDPTools/Clustering/src/edu/msu/cme/pyro/cluster/ClusterReplay.java:26: error: cannot access Taxon\r",
                "  >> 3687      [javac] /tmp/las_yifanzhu/spack-stage/spack-stage-zrzoEl/RDPTools/classifier/src/edu/msu/cme/rdp/multicompare/taxon/MCTaxon.java:22: error: cannot access Taxon\r",
                "  >> 3709      [javac] /tmp/las_yifanzhu/spack-stage/spack-stage-zrzoEl/RDPTools/Clustering/src/edu/msu/cme/pyro/cluster/ClusterReplay.java:26: error: cannot access Taxon\r"
            ],
            "parsed": [
                "access taxon",
                "access taxon",
                "access taxon"
            ]
        },
        "15333": {
            "raw": [
                "`spack install llvm` is failing for me. I have the full output below, but the gist of it is that I get this error:\r"
            ],
            "parsed": []
        },
        "18854": {
            "raw": [
                "  >> 827     /usr/include/bits/floatn-common.h(214): error: invalid combination of type specifiers\r"
            ],
            "parsed": [
                "invalid combination type specifiers"
            ]
        },
        "14433": {
            "raw": [
                "executes two tests, `cmd_extensions.py::test_simple_command_extension` and `cmd_extensions.py::test_command_with_import`, the former passing and the latter failing with a strange YAML validation schema error:\r"
            ],
            "parsed": []
        },
        "18565": {
            "raw": [
                "  >> 65    g++: error: unrecognized command line option '-arch=sm_70'\r",
                "  >> 66    g++: error: unrecognized command line option '-Xcompiler'; did you mean '--compile'?\r"
            ],
            "parsed": [
                "unrecognized command line option archsm_",
                "unrecognized command line option xcompiler mean compile"
            ]
        },
        "25954": {
            "raw": [
                "This issue is being raised after fixing an error brought up in the slack `#packaging` channel.  After the #25953 fix, attempting to install `cudnn@7.1` results in the following error:\r"
            ],
            "parsed": []
        },
        "18489": {
            "raw": [
                "the build aborting with the error:cd /tmp/spackswinst/spack-stage/spack-stage-bml-1.3.1-4zhmbw4g3akeml4zndyaqqkdes2zi3qv/spack-build/src/Fortran-interface && /tmp/spackswinst/spack-stage/spack-stage-bml-1.3.1-4zhmbw4g3akeml4zndyaqqkdes2zi3qv/spack-src/scripts/convert-template -DMATRIX_TYPE=double_complex -DREAL_TYPE=\"complex(C_DOUBLE_COMPLEX)\" -DREAL_KIND=C_DOUBLE_COMPLEX -DREAL_NAME=BML_ELEMENT_COMPLEX -DPRECISION_NAME=BML_PRECISION_DOUBLE_COMPLEX -o bml_utilities_double_complex_m.F90 /tmp/spackswinst/spack-stage/spack-stage-bml-1.3.1-4zhmbw4g3akeml4zndyaqqkdes2zi3qv/spack-src/src/Fortran-interface/bml_utilities_typed_m.F90\r"
            ],
            "parsed": [
                "cd fortraninterface converttemplate dmatrix_typedouble_complex dreal_typecomplexc_double_complex dreal_kindc_double_complex dreal_namebml_element_complex dprecision_namebml_precision_double_complex bml_utilities_double_complex_mf bml_utilities_typed_mf"
            ]
        },
        "18499": {
            "raw": [
                "  >> 13121    collect2: error: ld returned 1 exit status\r"
            ],
            "parsed": [
                "ld returned exit status"
            ]
        },
        "29168": {
            "raw": [
                "  >> 3994    collect2: error: ld returned 1 exit status\r",
                "  >> 3995    libtool: install: error: relink `libopcodes.la' with the above command before installing it\r"
            ],
            "parsed": [
                "ld returned exit status",
                "relink libopcodesla command installing"
            ]
        },
        "15507": {
            "raw": [
                "collect2: error: ld returned 1 exit status\r"
            ],
            "parsed": [
                "ld returned exit status"
            ]
        },
        "27983": {
            "raw": [
                "collect2: error: ld returned 1 exit status\r",
                "  >> 15    collect2: error: ld returned 1 exit status\r"
            ],
            "parsed": [
                "ld returned exit status",
                "ld returned exit status"
            ]
        },
        "29078": {
            "raw": [
                "  symbol lookup error:\r"
            ],
            "parsed": []
        },
        "12781": {
            "raw": [
                "  >> 1027    collect2: error: ld returned 1 exit status\r"
            ],
            "parsed": [
                "ld returned exit status"
            ]
        },
        "14107": {
            "raw": [
                "  >> 12    collect2: error: ld returned 1 exit status\r",
                "  >> 27    error: command '/mnt/build/jenkins/spack/opt/spack/linux-centos7-skylake/gcc-8.3.0/python-2.7.16-thcifv7hiw2y5pgh5isqo4oodmunmvak/bin/python2.7' failed with exit status 1\r"
            ],
            "parsed": [
                "ld returned exit status",
                "command python failed exit status"
            ]
        },
        "10384": {
            "raw": [
                "  >> 382    configure: error: Cannot continue\r",
                "  >> 10290    collect2: error: ld returned 1 exit status\r"
            ],
            "parsed": [
                "ld returned exit status"
            ]
        },
        "24805": {
            "raw": [
                "  >> 547    collect2: error: ld returned 1 exit status\r"
            ],
            "parsed": [
                "ld returned exit status"
            ]
        },
        "5424": {
            "raw": [
                "I get the error:\r"
            ],
            "parsed": []
        },
        "15097": {
            "raw": [
                "  >> 78     gcc: error: unrecognized command line option '-fexceptions -pthread'; did you mean '-fexceptions'?\r"
            ],
            "parsed": [
                "unrecognized command line option fexceptions pthread mean fexceptions"
            ]
        },
        "5711": {
            "raw": [
                "collect2: error: ld returned 1 exit status\r"
            ],
            "parsed": [
                "ld returned exit status"
            ]
        },
        "19702": {
            "raw": [
                "/tmp/root/spack-stage/spack-stage-flatbuffers-1.9.0-c5rmfmciuomqvprvezdqdpbpz4fxl4e5/spack-src/include/flatbuffers/util.h:324:45: error: type qualifiers ignored on cast result type [-Werror=ignored-qualifiers]\r",
                "/tmp/root/spack-stage/spack-stage-flatbuffers-1.9.0-c5rmfmciuomqvprvezdqdpbpz4fxl4e5/spack-src/include/flatbuffers/util.h:324:45: error: type qualifiers ignored on cast result type [-Werror=ignored-qualifiers]\r",
                "/tmp/root/spack-stage/spack-stage-flatbuffers-1.9.0-c5rmfmciuomqvprvezdqdpbpz4fxl4e5/spack-src/include/flatbuffers/util.h:324:45: error: type qualifiers ignored on cast result type [-Werror=ignored-qualifiers]\r",
                "/tmp/root/spack-stage/spack-stage-flatbuffers-1.9.0-c5rmfmciuomqvprvezdqdpbpz4fxl4e5/spack-src/include/flatbuffers/util.h:324:45: error: type qualifiers ignored on cast result type [-Werror=ignored-qualifiers]\r",
                "/tmp/root/spack-stage/spack-stage-flatbuffers-1.9.0-c5rmfmciuomqvprvezdqdpbpz4fxl4e5/spack-src/include/flatbuffers/util.h:324:45: error: type qualifiers ignored on cast result type [-Werror=ignored-qualifiers]\r",
                "  >> 59     /tmp/root/spack-stage/spack-stage-flatbuffers-1.9.0-c5rmfmciuomqvprvezdqdpbpz4fxl4e5/spack-src/include/flatbuffers/util.h:324:45: error: type qualifiers ignored on cast result type [-Werror=ignore\r",
                "  >> 66     /tmp/root/spack-stage/spack-stage-flatbuffers-1.9.0-c5rmfmciuomqvprvezdqdpbpz4fxl4e5/spack-src/include/flatbuffers/util.h:324:45: error: type qualifiers ignored on cast result type [-Werror=ignore\r",
                "  >> 77     /tmp/root/spack-stage/spack-stage-flatbuffers-1.9.0-c5rmfmciuomqvprvezdqdpbpz4fxl4e5/spack-src/include/flatbuffers/util.h:324:45: error: type qualifiers ignored on cast result type [-Werror=ignore\r",
                "  >> 87     /tmp/root/spack-stage/spack-stage-flatbuffers-1.9.0-c5rmfmciuomqvprvezdqdpbpz4fxl4e5/spack-src/include/flatbuffers/util.h:324:45: error: type qualifiers ignored on cast result type [-Werror=ignore\r",
                "  >> 102    /tmp/root/spack-stage/spack-stage-flatbuffers-1.9.0-c5rmfmciuomqvprvezdqdpbpz4fxl4e5/spack-src/include/flatbuffers/util.h:324:45: error: type qualifiers ignored on cast result type [-Werror=ignore\r"
            ],
            "parsed": [
                "type qualifiers ignored cast result type werrorignoredqualifiers",
                "type qualifiers ignored cast result type werrorignoredqualifiers",
                "type qualifiers ignored cast result type werrorignoredqualifiers",
                "type qualifiers ignored cast result type werrorignoredqualifiers",
                "type qualifiers ignored cast result type werrorignoredqualifiers",
                "type qualifiers ignored cast result type werrorignore",
                "type qualifiers ignored cast result type werrorignore",
                "type qualifiers ignored cast result type werrorignore",
                "type qualifiers ignored cast result type werrorignore",
                "type qualifiers ignored cast result type werrorignore"
            ]
        },
        "13028": {
            "raw": [
                "curl: (22) The requested URL returned error: 404 Not Found\r",
                "  >> 397        collect2: error: ld returned 1 exit status\r"
            ],
            "parsed": [
                "ld returned exit status"
            ]
        },
        "11680": {
            "raw": [
                "curl: (22) The requested URL returned error: 404 Not Found\r"
            ],
            "parsed": []
        },
        "21870": {
            "raw": [
                "collect2: error: ld returned 1 exit status\r"
            ],
            "parsed": [
                "ld returned exit status"
            ]
        },
        "9159": {
            "raw": [
                "checking for suffix of object files... configure: error: in `/tmp/berceanu/spack-stage/spack-stageh_mzdde2/gcc-5.4.0/spack-build/x86_64-unknown-linux-gnu/libgcc':\r",
                "configure: error: cannot compute suffix of object files: cannot compile\r"
            ],
            "parsed": [
                "compute suffix object files compile"
            ]
        },
        "9533": {
            "raw": [
                "  >> 1810    configure: error: Cannot continue\r",
                "  >> 1811    configure: error: /home/rlehe/spack/var/spack/stage/mvapich2-2.2-o\r"
            ],
            "parsed": []
        },
        "9390": {
            "raw": [
                "configure: error: The installed version of autoconf does not work.\r",
                "  >> 19    configure: error: The installed version of autoconf does not work.\r",
                "configure:2974: error: The installed version of autoconf does not work.\r"
            ],
            "parsed": [
                "installed version autoconf work",
                "installed version autoconf work",
                "installed version autoconf work"
            ]
        },
        "29350": {
            "raw": [
                "             w/spack-src/llvm/tools/gold/gold-plugin.cpp:38:10: fatal error: plugin-api.h: No \r"
            ],
            "parsed": []
        },
        "19835": {
            "raw": [
                "spack debug: error: argument SUBCOMMAND: invalid choice: 'report' choose from:\r"
            ],
            "parsed": [
                "argument subcommand invalid choice report choose"
            ]
        },
        "29427": {
            "raw": [
                "  >> 1438    sv.c(3198): error: expression must be an integral constant expression\r",
                "  >> 1467    sv.c(13093): error: expression must be an integral constant expression\r"
            ],
            "parsed": [
                "expression must integral constant expression",
                "expression must integral constant expression"
            ]
        },
        "25853": {
            "raw": [
                "  >> 7281    gti_gpuContext.h(47): error: qualified name is not allowed\r",
                "  >> 7293    gti_gpuContext.h(47): error: expected a \";\"\r"
            ],
            "parsed": [
                "qualified name allowed"
            ]
        },
        "25325": {
            "raw": [
                "  >> 868    cc1plus: error: 'void* __builtin_memset(void*, int, long unsigned i\r",
                "  >> 869    cc1plus: error: 'void* __builtin_memset(void*, int, long unsigned i\r"
            ],
            "parsed": [
                "void __builtin_memsetvoid int long unsigned",
                "void __builtin_memsetvoid int long unsigned"
            ]
        },
        "12695": {
            "raw": [
                "  >> 21    version.c:30:16: fatal error: db.h: No such file or directory\r",
                "  >> 23    DB_File.xs:155:20: fatal error: db.h: No such file or directory\r"
            ],
            "parsed": [
                "dbh file directory",
                "dbh file directory"
            ]
        },
        "16965": {
            "raw": [
                "  >> 286     > /opt/rh/devtoolset-7/root/usr/include/c++/7/cstdlib:75:15: fatal error: stdlib.h: No such file or directory\r"
            ],
            "parsed": [
                "stdlibh file directory"
            ]
        },
        "11550": {
            "raw": [
                "  >> 20931    /lustre/home/acct-hpc/hpc-jianwen/spack/var/spack/stage/gnutls-3.5.19-laicve7s72saj3y6rhglb4xrnkowtola/gnutls-3.5.19/lib/random.c(36): error: a value of type \"int\" cannot be used to initialize an entity of type \"atomic_uint\r",
                "  >> 20935    /lustre/home/acct-hpc/hpc-jianwen/spack/var/spack/stage/gnutls-3.5.19-laicve7s72saj3y6rhglb4xrnkowtola/gnutls-3.5.19/lib/random.c(40): error: expression must have arithmetic or pointer type\r",
                "  >> 20939    /lustre/home/acct-hpc/hpc-jianwen/spack/var/spack/stage/gnutls-3.5.19-laicve7s72saj3y6rhglb4xrnkowtola/gnutls-3.5.19/lib/random.c(42): error: a value of type \"int\" cannot be assigned to an entity of type \"atomic_uint\"\r",
                "  >> 20943    /lustre/home/acct-hpc/hpc-jianwen/spack/var/spack/stage/gnutls-3.5.19-laicve7s72saj3y6rhglb4xrnkowtola/gnutls-3.5.19/lib/random.c(47): error: expression must have arithmetic or pointer type\r",
                "  >> 20947    /lustre/home/acct-hpc/hpc-jianwen/spack/var/spack/stage/gnutls-3.5.19-laicve7s72saj3y6rhglb4xrnkowtola/gnutls-3.5.19/lib/random.c(53): error: a value of type \"int\" cannot be assigned to an entity of type \"atomic_uint\"\r",
                "  >> 20951    /lustre/home/acct-hpc/hpc-jianwen/spack/var/spack/stage/gnutls-3.5.19-laicve7s72saj3y6rhglb4xrnkowtola/gnutls-3.5.19/lib/random.c(110): error: expression must have arithmetic or pointer type\r",
                "  >> 20955    /lustre/home/acct-hpc/hpc-jianwen/spack/var/spack/stage/gnutls-3.5.19-laicve7s72saj3y6rhglb4xrnkowtola/gnutls-3.5.19/lib/random.c(113): error: a value of type \"int\" cannot be assigned to an entity of type \"atomic_uint\"\r",
                "  >> 20959    /lustre/home/acct-hpc/hpc-jianwen/spack/var/spack/stage/gnutls-3.5.19-laicve7s72saj3y6rhglb4xrnkowtola/gnutls-3.5.19/lib/random.c(165): error: expression must have arithmetic or pointer type\r"
            ],
            "parsed": [
                "value type int used initialize entity type atomic_uint",
                "expression must arithmetic pointer type",
                "value type int assigned entity type atomic_uint",
                "expression must arithmetic pointer type",
                "value type int assigned entity type atomic_uint",
                "expression must arithmetic pointer type",
                "value type int assigned entity type atomic_uint",
                "expression must arithmetic pointer type"
            ]
        },
        "9652": {
            "raw": [
                "  >> 169    MountPointAttr.C:132:1: error: narrowing conversion of '-1' from 'int' to 'short unsigned int' inside { } [-Wna\r",
                "  >> 172    MountPointAttr.C:132:1: error: narrowing conversion of '-1' from 'int' to 'short unsigned int' inside { } [-Wna\r"
            ],
            "parsed": [
                "narrowing conversion int short unsigned int inside wna",
                "narrowing conversion int short unsigned int inside wna"
            ]
        },
        "6998": {
            "raw": [
                "`INFO: No system-wide Python was found; got the following error:`\r"
            ],
            "parsed": []
        },
        "10845": {
            "raw": [
                "    Lmod has detected the following error:  These module(s) exist but cannot be loaded as requested: \"bat\"\r"
            ],
            "parsed": [
                "modules exist loaded requested bat"
            ]
        },
        "21278": {
            "raw": [
                "collect2: error: ld returned 1 exit status\r"
            ],
            "parsed": [
                "ld returned exit status"
            ]
        },
        "24255": {
            "raw": [
                "/lustre/jn10/devspackswinst/spack-stage/spack-stage-paraview-5.8.0-wgwjppjnxwcruk2rs6be4d3yroboiu7m/spack-src/VTK/Rendering/FreeType/vtkFreeTypeTools.cxx:382:1: error: expected constructor, destructor, or type conversion before 'vtkFreeTypeToolsFaceRequester'\r",
                "/lustre/jn10/devspackswinst/spack-stage/spack-stage-paraview-5.8.0-wgwjppjnxwcruk2rs6be4d3yroboiu7m/spack-src/VTK/Rendering/FreeType/vtkFreeTypeTools.cxx:1154:61: error: 'vtkFreeTypeToolsFaceRequester' was not declared in this scope\r"
            ],
            "parsed": [
                "expected constructor destructor type conversion vtkfreetypetoolsfacerequester",
                "vtkfreetypetoolsfacerequester declared scope"
            ]
        },
        "5822": {
            "raw": [
                "I'm trying to add sambamba to my regular builds.  It needs ldc, which failed, I believe that this is the first error:\r",
                "/foo/users/hartzelg/tmp/foo/spack-cime/foo/var/spack/stage/ldc-bootstrap-0.17.4-ol6ggfe6a3suc6snayqirqz2nzjas2qb/ldc-0.17.4-src/./gen/cl_helpers.h:185:40: error: expected \u2018;\u2019 at end of member declaration         MultiSetter(bool invert, bool *p, ...) LLVM_END_WITH_NULL;                                                                                                                                                                                                         ^                                                                                                                                                                                     /foo/users/hartzelg/tmp/foo/spack-cime/foo/var/spack/stage/ldc-bootstrap-0.17.4-ol6ggfe6a3suc6snayqirqz2nzjas2qb/ldc-0.17.4-src/./gen/cl_helpers.h:185:42: error: \u2018LLVM_END_WITH_NULL\u2019 does not name a type         MultiSetter(bool invert, bool *p, ...) LLVM_END_WITH_NULL;                                                                                                                                                                                                           ^\r"
            ],
            "parsed": [
                "expected end member declaration multisetterbool invert bool p llvm_end_with_null cl_helpersh error llvm_end_with_null name type multisetterbool invert bool p llvm_end_with_null"
            ]
        },
        "29293": {
            "raw": [
                "Using gcc-10.3.0 on a recent spack install, querying `compiler.cxx14_flag ` throws the following error:\r"
            ],
            "parsed": []
        },
        "14068": {
            "raw": [
                "  >> 754    collect2: error: ld returned 1 exit status\r"
            ],
            "parsed": [
                "ld returned exit status"
            ]
        },
        "23537": {
            "raw": [
                "I meet a problem about error:ruby-terminal-table: LoadError (cannot load such file -- terminal-table).\r"
            ],
            "parsed": [
                "rubyterminaltable loaderror load file terminaltable"
            ]
        },
        "4766": {
            "raw": [
                "/usr/include/stdio.h:33:21: fatal error: stddef.h: No such file or directory\r"
            ],
            "parsed": [
                "stddefh file directory"
            ]
        },
        "26385": {
            "raw": [
                "  >> 75    configure: error: in `/tmp/verastov/spack-stage/spack-stage-berkeley-db-18.1.40-yrpwph5ofibzlgiwzi3zdngtnrxqvkne/spack-src/build_unix':\r",
                "  >> 76    configure: error: C++ preprocessor \"/lib/cpp\" fails sanity check\r",
                "  >> 24    configure: error: in `/tmp/verastov/spack-stage/spack-stage-gperf-3.1-7doi3e2djmhp6cnbmp3f3wimrnw54cj2/spack-src/lib':\r",
                "  >> 25    configure: error: C++ preprocessor \"/lib/cpp\" fails sanity check\r",
                "  >> 27    configure: error: ./configure failed for lib\r"
            ],
            "parsed": [
                "c preprocessor cpp fails sanity check",
                "c preprocessor cpp fails sanity check",
                "configure failed lib"
            ]
        },
        "28508": {
            "raw": [
                "  >> 13    configure: error: in `/tmp/kavalurav/spack-stage/spack-stage-patchelf-0.13.1-q2phgoulbx4m4kbctzlyptsczbw6e6zi/spack-src':\r",
                "  >> 14    configure: error: C compiler cannot create executables\r",
                "  >> 6    configure: error: in `/tmp/kavalurav/spack-stage/spack-stage-pkgconf-1.8.0-4qrvznh6qmp75hhnhjp37atgcckjwnf2/spack-src':\r",
                "  >> 7    configure: error: C compiler cannot create executables\r"
            ],
            "parsed": [
                "c compiler create executables",
                "c compiler create executables"
            ]
        },
        "25422": {
            "raw": [
                "  >> 315    g++: error: unrecognized command line option '-Xcompiler=-fopenmp'\r",
                "  >> 316    g++: error: unrecognized command line option '-Xcompiler=-fopenmp'\r",
                "  >> 317    g++: error: unrecognized command line option '-Xcompiler=-fopenmp'\r",
                "  >> 318    g++: error: unrecognized command line option '-Xcompiler=-fopenmp'\r",
                "  >> 323    g++: error: unrecognized command line option '-Xcompiler=-fopenmp'\r",
                "  >> 349    g++: error: unrecognized command line option '-Xcompiler=-fopenmp'\r"
            ],
            "parsed": [
                "unrecognized command line option xcompilerfopenmp",
                "unrecognized command line option xcompilerfopenmp",
                "unrecognized command line option xcompilerfopenmp",
                "unrecognized command line option xcompilerfopenmp",
                "unrecognized command line option xcompilerfopenmp",
                "unrecognized command line option xcompilerfopenmp"
            ]
        },
        "9873": {
            "raw": [
                "Every version it successfully installs, but throws the following error:\r"
            ],
            "parsed": []
        },
        "15448": {
            "raw": [
                "This comes up as the following error:\r",
                "     3923    /home/danlipsa/projects/spack/opt/spack/linux-ubuntu18.04-broadwell/gcc-7.4.0/qt-5.14.1-v6mnkomx7pd7vjr4pdfsjfrdt4bcsdvw/bin/qhelpgenerator: symbol lookup error: /home/danlips\r"
            ],
            "parsed": []
        },
        "18356": {
            "raw": [
                "The build log shows the following error:\r"
            ],
            "parsed": []
        },
        "15265": {
            "raw": [
                "Command leading to the error:\r"
            ],
            "parsed": []
        },
        "25304": {
            "raw": [
                "  >> 1849    configure: error: Cannot continue\r"
            ],
            "parsed": []
        },
        "29242": {
            "raw": [
                "  >> 28    configure: error: cannot guess build type; you must specify one\r"
            ],
            "parsed": [
                "guess build type must specify one"
            ]
        },
        "6934": {
            "raw": [
                "collect2: error: ld returned 1 exit status\r",
                "  >> 1399  collect2: error: ld returned 1 exit status\r"
            ],
            "parsed": [
                "ld returned exit status",
                "ld returned exit status"
            ]
        },
        "4333": {
            "raw": [
                "sh: -c: line 1: syntax error: unexpected end of file\r",
                "sh: -c: line 1: syntax error: unexpected end of file\r",
                "sh: -c: line 1: syntax error: unexpected end of file\r",
                "sh: -c: line 1: syntax error: unexpected end of file\r",
                "sh: -c: line 1: syntax error: unexpected end of file\r",
                "sh: -c: line 1: syntax error: unexpected end of file\r",
                "sh: -c: line 1: syntax error: unexpected end of file\r",
                "sh: -c: line 1: syntax error: unexpected end of file\r",
                "sh: -c: line 1: syntax error: unexpected end of file\r"
            ],
            "parsed": [
                "unexpected end file",
                "unexpected end file",
                "unexpected end file",
                "unexpected end file",
                "unexpected end file",
                "unexpected end file",
                "unexpected end file",
                "unexpected end file",
                "unexpected end file"
            ]
        },
        "16874": {
            "raw": [
                "  >> 5421    /usr/include/infiniband/iba/ib_types.h:42:10: fatal error: complib/cl_types.h: No such file or direc\r"
            ],
            "parsed": [
                "cl_typesh file direc"
            ]
        },
        "8906": {
            "raw": [
                "collect2: error: ld returned 1 exit status\r"
            ],
            "parsed": [
                "ld returned exit status"
            ]
        },
        "7307": {
            "raw": [
                "  >> 5     getarch_2nd.c:12:35: error: use of undeclared identifier 'SGEMM_DEFAULT_UNROLL_M'\r",
                "  >> 8     getarch_2nd.c:13:35: error: use of undeclared identifier 'SGEMM_DEFAULT_UNROLL_N'\r",
                "  >> 115   gemm.c:402:37: error: use of undeclared identifier 'GEMM_DEFAULT_OFFSET_A'\r",
                "  >> 121   gemm.c:403:37: error: use of undeclared identifier 'SGEMM_DEFAULT_P'\r"
            ],
            "parsed": [
                "use undeclared identifier sgemm_default_unroll_m",
                "use undeclared identifier sgemm_default_unroll_n",
                "use undeclared identifier gemm_default_offset_a",
                "use undeclared identifier sgemm_default_p"
            ]
        },
        "29342": {
            "raw": [
                "  >> 17264    collect2: error: ld returned 1 exit status\r"
            ],
            "parsed": [
                "ld returned exit status"
            ]
        },
        "25794": {
            "raw": [
                "  >> 3906    collect2: error: ld returned 1 exit status\r"
            ],
            "parsed": [
                "ld returned exit status"
            ]
        },
        "26887": {
            "raw": [
                "  >> 187    configure: error: couldn't detect the LDAP libraries\r",
                "  >> 247    configure: error: --librtmp was specified but could not find librtmp pkgconfig file.  \r"
            ],
            "parsed": [
                "couldnt detect ldap libraries",
                "librtmp specified could find librtmp pkgconfig file"
            ]
        },
        "7127": {
            "raw": [
                "collect2: error: ld returned 1 error status\r"
            ],
            "parsed": [
                "ld returned error status"
            ]
        },
        "27943": {
            "raw": [
                "Here is the error:\r",
                "  >> 9850     collect2: error: ld returned 1 exit status\r"
            ],
            "parsed": [
                "ld returned exit status"
            ]
        },
        "2056": {
            "raw": [
                "> If I use that above compiler directly (without loading module), I get following error:"
            ],
            "parsed": []
        },
        "28629": {
            "raw": [
                "  >> 1526    collect2: error: ld returned 1 exit status\r"
            ],
            "parsed": [
                "ld returned exit status"
            ]
        },
        "12644": {
            "raw": [
                "And here's the build error:\r",
                "  >> 2023    /Library/Developer/CommandLineTools/SDKs/MacOSX10.14.sdk/System/Library/Frameworks/Security.framework/Headers/Authorization.h:193:7: error: variably modified 'bytes' at file scope\r",
                "  >> 2037    /Library/Developer/CommandLineTools/SDKs/MacOSX10.14.sdk/System/Library/Frameworks/CoreGraphics.framework/Headers/CGPath.h:391:15: error: expected identifier or '(' before '^' token\r",
                "  >> 2040    /Library/Developer/CommandLineTools/SDKs/MacOSX10.14.sdk/System/Library/Frameworks/CoreGraphics.framework/Headers/CGPath.h:393:53: error: unknown type name 'CGPathApplyBlock'\r",
                "  >> 2051    /Library/Developer/CommandLineTools/SDKs/MacOSX10.14.sdk/System/Library/Frameworks/CoreGraphics.framework/Headers/CGPDFArray.h:103:15: error: expected identifier or '(' before '^' token\r",
                "  >> 2054    /Library/Developer/CommandLineTools/SDKs/MacOSX10.14.sdk/System/Library/Frameworks/CoreGraphics.framework/Headers/CGPDFArray.h:113:5: error: unknown type name 'CGPDFArrayApplierBlock'\r",
                "  >> 2064    /Library/Developer/CommandLineTools/SDKs/MacOSX10.14.sdk/System/Library/Frameworks/CoreGraphics.framework/Headers/CGPDFDictionary.h:116:15: error: expected identifier or '(' before '^' token\r",
                "  >> 2067    /Library/Developer/CommandLineTools/SDKs/MacOSX10.14.sdk/System/Library/Frameworks/CoreGraphics.framework/Headers/CGPDFDictionary.h:126:5: error: unknown type name 'CGPDFDictionaryApplierBlo\r",
                "  >> 2080    /Library/Developer/CommandLineTools/SDKs/MacOSX10.14.sdk/System/Library/Frameworks/Security.framework/Headers/Authorization.h:193:7: error: variably modified 'bytes' at file scope\r",
                "  >> 2255    /Library/Developer/CommandLineTools/SDKs/MacOSX10.14.sdk/System/Library/Frameworks/Security.framework/Headers/Authorization.h:193:7: error: variably modified 'bytes' at file scope\r",
                "  >> 2263    /Library/Developer/CommandLineTools/SDKs/MacOSX10.14.sdk/System/Library/Frameworks/CoreGraphics.framework/Headers/CGPath.h:391:15: error: expected identifier or '(' before '^' token\r",
                "  >> 2266    /Library/Developer/CommandLineTools/SDKs/MacOSX10.14.sdk/System/Library/Frameworks/CoreGraphics.framework/Headers/CGPath.h:393:53: error: unknown type name 'CGPathApplyBlock'\r",
                "  >> 2277    /Library/Developer/CommandLineTools/SDKs/MacOSX10.14.sdk/System/Library/Frameworks/CoreGraphics.framework/Headers/CGPDFArray.h:103:15: error: expected identifier or '(' before '^' token\r",
                "  >> 2280    /Library/Developer/CommandLineTools/SDKs/MacOSX10.14.sdk/System/Library/Frameworks/CoreGraphics.framework/Headers/CGPDFArray.h:113:5: error: unknown type name 'CGPDFArrayApplierBlock'\r",
                "  >> 2290    /Library/Developer/CommandLineTools/SDKs/MacOSX10.14.sdk/System/Library/Frameworks/CoreGraphics.framework/Headers/CGPDFDictionary.h:116:15: error: expected identifier or '(' before '^' token\r",
                "  >> 2293    /Library/Developer/CommandLineTools/SDKs/MacOSX10.14.sdk/System/Library/Frameworks/CoreGraphics.framework/Headers/CGPDFDictionary.h:126:5: error: unknown type name 'CGPDFDictionaryApplierBlo\r",
                "  >> 2255    /Library/Developer/CommandLineTools/SDKs/MacOSX10.14.sdk/System/Library/Frameworks/Security.framework/Headers/Authorization.h:193:7: error: variably modified 'bytes' at file scope\r",
                "  >> 2263    /Library/Developer/CommandLineTools/SDKs/MacOSX10.14.sdk/System/Library/Frameworks/CoreGraphics.framework/Headers/CGPath.h:391:15: error: expected identifier or '(' before '^' token\r",
                "  >> 2266    /Library/Developer/CommandLineTools/SDKs/MacOSX10.14.sdk/System/Library/Frameworks/CoreGraphics.framework/Headers/CGPath.h:393:53: error: unknown type name 'CGPathApplyBlock'\r",
                "  >> 2277    /Library/Developer/CommandLineTools/SDKs/MacOSX10.14.sdk/System/Library/Frameworks/CoreGraphics.framework/Headers/CGPDFArray.h:103:15: error: expected identifier or '(' before '^' token\r",
                "  >> 2280    /Library/Developer/CommandLineTools/SDKs/MacOSX10.14.sdk/System/Library/Frameworks/CoreGraphics.framework/Headers/CGPDFArray.h:113:5: error: unknown type name 'CGPDFArrayApplierBlock'\r",
                "  >> 2290    /Library/Developer/CommandLineTools/SDKs/MacOSX10.14.sdk/System/Library/Frameworks/CoreGraphics.framework/Headers/CGPDFDictionary.h:116:15: error: expected identifier or '(' before '^' token\r",
                "  >> 2293    /Library/Developer/CommandLineTools/SDKs/MacOSX10.14.sdk/System/Library/Frameworks/CoreGraphics.framework/Headers/CGPDFDictionary.h:126:5: error: unknown type name 'CGPDFDictionaryApplierBlo\r"
            ],
            "parsed": [
                "variably modified bytes file scope",
                "expected identifier token",
                "unknown type name cgpathapplyblock",
                "expected identifier token",
                "unknown type name cgpdfarrayapplierblock",
                "expected identifier token",
                "unknown type name cgpdfdictionaryapplierblo",
                "variably modified bytes file scope",
                "variably modified bytes file scope",
                "expected identifier token",
                "unknown type name cgpathapplyblock",
                "expected identifier token",
                "unknown type name cgpdfarrayapplierblock",
                "expected identifier token",
                "unknown type name cgpdfdictionaryapplierblo",
                "variably modified bytes file scope",
                "expected identifier token",
                "unknown type name cgpathapplyblock",
                "expected identifier token",
                "unknown type name cgpdfarrayapplierblock",
                "expected identifier token",
                "unknown type name cgpdfdictionaryapplierblo"
            ]
        },
        "21791": {
            "raw": [
                "collect2: error: ld returned 1 exit status\r"
            ],
            "parsed": [
                "ld returned exit status"
            ]
        },
        "10540": {
            "raw": [
                "If I install a OpenMPI 3.x it breaks with the following error:\r"
            ],
            "parsed": []
        },
        "14369": {
            "raw": [
                "  >> 4725    collect2: error: ld returned 1 exit status\r"
            ],
            "parsed": [
                "ld returned exit status"
            ]
        },
        "22337": {
            "raw": [
                "Trying to build Augustus results in this error:\r"
            ],
            "parsed": []
        },
        "5453": {
            "raw": [
                "  >> 188   configure: error:\r"
            ],
            "parsed": []
        },
        "10502": {
            "raw": [
                "  >> 1131    configure: error: Aborting\r"
            ],
            "parsed": []
        },
        "21492": {
            "raw": [
                "  >> 39    configure: error: neither int nor long is 32-bit\r"
            ],
            "parsed": [
                "neither int long bit"
            ]
        },
        "25860": {
            "raw": [
                "fails with this error:\r"
            ],
            "parsed": []
        },
        "19704": {
            "raw": [
                "gallivm/lp_bld_misc.cpp:76:10: fatal error: llvm/IR/CallSite.h: No such file or directory\r",
                "  >> 1355    gallivm/lp_bld_misc.cpp:76:10: fatal error: llvm/IR/CallSite.h: No such file or directory\r"
            ],
            "parsed": [
                "callsiteh file directory",
                "callsiteh file directory"
            ]
        },
        "11515": {
            "raw": [
                "             sb2mihgdsdd2d5jlhfk6j5a/openmpi-3.1.4/version:1:3: error: invalid preprocessing directive\r",
                "             sb2mihgdsdd2d5jlhfk6j5a/openmpi-3.1.4/version:2:3: error: invalid preprocessing directive\r",
                "             sb2mihgdsdd2d5jlhfk6j5a/openmpi-3.1.4/version:5:27: error: invalid preprocessing directive\r",
                "             sb2mihgdsdd2d5jlhfk6j5a/openmpi-3.1.4/version:6:3: error: # Copyright (c) 2011      NVIDIA Corpo\r",
                "             sb2mihgdsdd2d5jlhfk6j5a/openmpi-3.1.4/version:4:3: error: invalid preprocessing directive\r",
                "             sb2mihgdsdd2d5jlhfk6j5a/openmpi-3.1.4/version:5:27: error: invalid preprocessing directive\r",
                "             sb2mihgdsdd2d5jlhfk6j5a/openmpi-3.1.4/version:6:3: error: invalid preprocessing directive\r",
                "             sb2mihgdsdd2d5jlhfk6j5a/openmpi-3.1.4/version:7:3: error: invalid preprocessing directive\r",
                "  >> 8282    8:27: error: invalid preprocessing directive\r",
                "  >> 8314    3: error: invalid preprocessing directive\r",
                "  >> 8316    error: invalid preprocessing directive\r",
                "             sb2mihgdsdd2d5jlhfk6j5a/openmpi-3.1.4/version:11:3: error: invalid preprocessing directive\r",
                "             sb2mihgdsdd2d5jlhfk6j5a/openmpi-3.1.4/version:2:3: error: invalid preprocessing directive\r",
                "             23::3 :error: # Copyright (c) 2008-2019 Cisco Systems, Inc.  All rights reserved.invalid preproc\r",
                "             .  All rights reserved.3error: invalid preprocessing directive\r",
                "     8334    : error: 2invalid preprocessing directive:\r",
                "  >> 8335    ^3: error:\r",
                "  >> 8342    :3: error: invalid preprocessing directive\r",
                "     8349    error::3/Applications/deal.II-9.1.0.app/Contents/Resources/spack/var/spack/stage/openmpi-3.1.4-w\r",
                "     8350    3::  errorerror: invalid preprocessing directive\r",
                "  >> 8351    15: :3: error: invalid preprocessing directiveinvalid preprocessing directive\r",
                "  >> 8363    18:1: error: C++ requires a type specifier for all declarations\r",
                "  >> 8370    5:27: error: invalid preprocessing directive\r",
                "             sb2mihgdsdd2d5jlhfk6j5a/openmpi-3.1.4/version:5:27: error: invalid preprocessing directive\r",
                "  >> 8380    :6:3: error: invalid preprocessing directive\r",
                "             sb2mihgdsdd2d5jlhfk6j5a/openmpi-3.1.4/version:7:3: error: invalid preprocessing directive\r",
                "     8388    : error: invalid preprocessing directive\r",
                "             sb2mihgdsdd2d5jlhfk6j5a/openmpi-3.1.4/version:18:8: error: expected ';' after top level declarat\r",
                "             nerror:: 22invalid preprocessing directive:# Copyright (c) 2017      Los Alamos National Securit\r",
                "     8401     error: # version of Open MPI in this distribution.  The various components of\r",
                "  >> 8404    :8:27: error: invalid preprocessing directive\r",
                "             whsb2mihgdsdd2d5jlhfk6j5a/openmpi-3.1.4/versionerror:: 13/Applications/deal.II-9.1.0.app/Content\r",
                "             ersioninvalid preprocessing directive:3:: error: invalid preprocessing directive\r",
                "     8417    : error: invalid preprocessing directive\r",
                "             sb2mihgdsdd2d5jlhfk6j5a/openmpi-3.1.4/version:18:8: error: expected ';' after top level declarat\r",
                "             sb2mihgdsdd2d5jlhfk6j5a/openmpi-3.1.4/version: 22error:: 3/Applications/deal.II-9.1.0.app/Conten\r",
                "     8430    :error: 24invalid preprocessing directive:\r",
                "     8432    : error: invalid preprocessing directive\r",
                "             sb2mihgdsdd2d5jlhfk6j5a/openmpi-3.1.4/version:18:1: error: C++ requires a type specifier for all\r",
                "             sb2mihgdsdd2d5jlhfk6j5a/openmpi-3.1.4/version:23:3: error: invalid preprocessing directive\r",
                "     8446    : error: invalid preprocessing directive\r",
                "             sb2mihgdsdd2d5jlhfk6j5a/openmpi-3.1.4/version:12:3: error: invalid preprocessing directive\r",
                "     8450    fatal error: too many errors emitted, stopping now [-ferror-limit=]\r",
                "             sb2mihgdsdd2d5jlhfk6j5a/openmpi-3.1.4/version:13:3: error: invalid preprocessing directive\r",
                "             sb2mihgdsdd2d5jlhfk6j5a/openmpi-3.1.4/version:15:3: error: invalid preprocessing directive\r",
                "             sb2mihgdsdd2d5jlhfk6j5a/openmpi-3.1.4/version:16:3: error: invalid preprocessing directive\r",
                "             sb2mihgdsdd2d5jlhfk6j5a/openmpi-3.1.4/version:18:8: error: expected ';' after top level declarat\r",
                "     8465     error: /Applications/deal.II-9.1.0.app/Contents/Resources/spack/var/spack/stage/openmpi-3.1.4-w\r",
                "  >> 8468    :3: error: invalid preprocessing directive\r",
                "             sb2mihgdsdd2d5jlhfk6j5a/openmpi-3.1.4/version:23:3: error: invalid preprocessing directive\r",
                "             sb2mihgdsdd2d5jlhfk6j5a/openmpi-3.1.4/version:24:3: error: invalid preprocessing directive\r",
                "     8477    fatal error: too many errors emitted, stopping now [-ferror-limit=]\r",
                "             sb2mihgdsdd2d5jlhfk6j5a/openmpi-3.1.4/version:18:8: error: expected ';' after top level declarat\r",
                "             sb2mihgdsdd2d5jlhfk6j5a/openmpi-3.1.4/version:22:3: error: invalid preprocessing directive\r",
                "             sb2mihgdsdd2d5jlhfk6j5a/openmpi-3.1.4/version:23:3: error: invalid preprocessing directive\r",
                "             sb2mihgdsdd2d5jlhfk6j5a/openmpi-3.1.4/version:24:3: error: invalid preprocessing directive\r",
                "     8490    fatal error: too many errors emitted, stopping now [-ferror-limit=]\r"
            ],
            "parsed": [
                "invalid preprocessing directive",
                "invalid preprocessing directive",
                "invalid preprocessing directive",
                "copyright c nvidia corpo",
                "invalid preprocessing directive",
                "invalid preprocessing directive",
                "invalid preprocessing directive",
                "invalid preprocessing directive",
                "invalid preprocessing directive",
                "invalid preprocessing directive",
                "invalid preprocessing directive",
                "invalid preprocessing directive",
                "invalid preprocessing directive",
                "copyright c cisco systems inc rights reservedinvalid preproc",
                "invalid preprocessing directive",
                "invalid preprocessing directive",
                "invalid preprocessing directive",
                "invalid preprocessing directive",
                "invalid preprocessing directiveinvalid preprocessing directive",
                "c requires type specifier declarations",
                "invalid preprocessing directive",
                "invalid preprocessing directive",
                "invalid preprocessing directive",
                "invalid preprocessing directive",
                "invalid preprocessing directive",
                "expected top level declarat",
                "invalid preprocessing directive copyright c los alamos national securit",
                "version open mpi distribution various components",
                "invalid preprocessing directive",
                "invalid preprocessing directive",
                "invalid preprocessing directive",
                "expected top level declarat",
                "invalid preprocessing directive",
                "invalid preprocessing directive",
                "c requires type specifier",
                "invalid preprocessing directive",
                "invalid preprocessing directive",
                "invalid preprocessing directive",
                "many errors emitted stopping ferrorlimit",
                "invalid preprocessing directive",
                "invalid preprocessing directive",
                "invalid preprocessing directive",
                "expected top level declarat",
                "invalid preprocessing directive",
                "invalid preprocessing directive",
                "invalid preprocessing directive",
                "many errors emitted stopping ferrorlimit",
                "expected top level declarat",
                "invalid preprocessing directive",
                "invalid preprocessing directive",
                "invalid preprocessing directive",
                "many errors emitted stopping ferrorlimit"
            ]
        },
        "17657": {
            "raw": [
                "Install cmake on MacOS without spack. Add its path in your `packages.yaml` file, setting `buildable: false`. Make sure to have gcc installed (e.g. using homebrew) and detected by spack. Then try to have spack install any package that requires cmake, and you will see this error:\r"
            ],
            "parsed": []
        },
        "24394": {
            "raw": [
                "  >> 10118    src/mpid/ch4/netmod/ofi/ofi_init.c:1693:65: error: 'FI_MR_VIRT_ADDR' undeclared (first use in \r",
                "  >> 10130    src/mpid/ch4/netmod/ofi/ofi_init.c:1695:65: error: 'FI_MR_ALLOCATED' undeclared (first use in \r",
                "  >> 10136    src/mpid/ch4/netmod/ofi/ofi_init.c:1696:85: error: 'FI_MR_PROV_KEY' undeclared (first use in t\r"
            ],
            "parsed": [
                "fi_mr_virt_addr undeclared first use",
                "fi_mr_allocated undeclared first use",
                "fi_mr_prov_key undeclared first use"
            ]
        },
        "29352": {
            "raw": [
                "  >> 23    clang++: error: linker command failed with exit code 1 (use -v to see invocation)\r"
            ],
            "parsed": [
                "linker command failed exit code use v see invocation"
            ]
        },
        "18201": {
            "raw": [
                "            ker.h:49:8: error: expected '(' before 'constexpr'\r",
                "            ker.h:57:8: error: expected '(' before 'constexpr'\r",
                "            alker.h:87:8: error: expected '(' before 'constexpr'\r",
                "            alker.h:106:3: error: expected '}' at end of input\r"
            ],
            "parsed": [
                "expected constexpr",
                "expected constexpr",
                "expected constexpr",
                "expected end input"
            ]
        },
        "23615": {
            "raw": [
                "collect2: fatal error: cannot find 'ld'\r",
                "  >> 68    collect2: fatal error: cannot find 'ld'\r"
            ],
            "parsed": [
                "find ld",
                "find ld"
            ]
        },
        "20424": {
            "raw": [
                "I try to install dyninst@9.3.2 but get the following error:\r",
                "Another machine with same error:\r"
            ],
            "parsed": []
        },
        "28367": {
            "raw": [
                "/tmp/quellyn/spack-stage/spack-stage-py-torch-1.10.1-it56biuf5z2rha52odve3lveq7mtw3k5/spack-src/aten/src/ATen/cpu/vec/vec256/vsx/vec256_double_vsx.h:192:12: error: 'cout' is not a member of 'std'\r"
            ],
            "parsed": [
                "cout member std"
            ]
        },
        "16053": {
            "raw": [
                "/Applications/Xcode.app/Contents/Developer/Platforms/MacOSX.platform/Developer/SDKs/MacOSX.sdk/System/Library/Frameworks/Security.framework/Headers/Authorization.h:193:7: error: variably modified 'bytes' at file scope\r"
            ],
            "parsed": [
                "variably modified bytes file scope"
            ]
        },
        "22334": {
            "raw": [
                "  >> 131    collect2: error: ld returned 1 exit status\r",
                "  >> 158    collect2: error: ld returned 1 exit status\r"
            ],
            "parsed": [
                "ld returned exit status",
                "ld returned exit status"
            ]
        },
        "8913": {
            "raw": [
                "results in the following error:\r"
            ],
            "parsed": []
        },
        "26213": {
            "raw": [
                "  >> 1509    ld.lld: error: unknown argument '-dynamic-list-data'\r",
                "  >> 1510    clang-12: error: linker command failed with exit code 1 (use -v to see invocation)\r"
            ],
            "parsed": [
                "unknown argument dynamiclistdata",
                "linker command failed exit code use v see invocation"
            ]
        },
        "16328": {
            "raw": [
                "/usr/bin/../include/c++/4.8.5/bits/c++0x_warning.h(32): error: #error directive: This file requires compiler and library support for the ISO C++ 2011 standard. This support is currently experimental, and must be enabled with the -std=c++11 or -std=gnu++11 compiler options.\r",
                "sysinfo.cpp(93): error: name followed by \"::\" must be a class or namespace name\r"
            ],
            "parsed": [
                "error directive file requires compiler library support iso c standard support currently experimental must enabled stdc stdgnu compiler options",
                "name followed must class namespace name"
            ]
        },
        "15867": {
            "raw": [
                "  >> 40    configure: error: GNAT is required to build ada\r"
            ],
            "parsed": [
                "gnat required build ada"
            ]
        },
        "27896": {
            "raw": [
                "  >> 102    /tmp/root/spack-stage/spack-stage-tasmanian-7.7-mregqtemxzq2ujmtqho4ynldxv3tutkt/spack-src/SparseGrids/tsgLinearSolvers.cpp:281:30: error: no member named 'numeric\r",
                "  >> 105    /tmp/root/spack-stage/spack-stage-tasmanian-7.7-mregqtemxzq2ujmtqho4ynldxv3tutkt/spack-src/SparseGrids/tsgLinearSolvers.cpp:281:51: error: expected '(' for functio\r",
                "  >> 108    /tmp/root/spack-stage/spack-stage-tasmanian-7.7-mregqtemxzq2ujmtqho4ynldxv3tutkt/spack-src/SparseGrids/tsgLinearSolvers.cpp:281:54: error: no member named 'epsilon\r"
            ],
            "parsed": [
                "member named numeric",
                "expected functio",
                "member named epsilon"
            ]
        },
        "22585": {
            "raw": [
                "`spack install -j 20` error:\r",
                "`spack config update config` error:\r"
            ],
            "parsed": []
        },
        "28344": {
            "raw": [
                "error: /Applications/Xcode.app/Contents/Developer/Toolchains/XcodeDefault.xctoolchain/usr/bin/install_name_tool: \"-rpath /usr/local/etc/spack/opt/spack/__spack_path_placeholder__/__spack_path_placeholder__/__spack_path_placeholder__/__spack_path_placeholder__/__spack_path_placeholder__/__spack_path_placeholder__/__spack_path_placeholder__/__spack_path_placeholder__/__spack_p/darwin-catalina-skylake/gcc-11.2.0/hiop-0.5.3-6cuv5o5q6dqmobdq4r4saojmn2kezun4/lib /Users/manc568/workspace/spack/opt/spack/darwin-catalina-skylake/gcc-11.2.0/hiop-0.5.3-6cuv5o5q6dqmobdq4r4saojmn2kezun4/lib\" specified more than once\r",
                "error:\r",
                "error: /Applications/Xcode.app/Contents/Developer/Toolchains/XcodeDefault.xctoolchain/usr/bin/install_name_tool: \"-rpath /usr/local/etc/spack/opt/spack/__spack_path_placeholder__/__spack_path_placeholder__/__spack_path_placeholder__/__spack_path_placeholder__/__spack_path_placeholder__/__spack_path_placeholder__/__spack_path_placeholder__/__spack_path_placeholder__/__spack_p/darwin-catalina-skylake/gcc-11.2.0/hiop-0.5.3-6cuv5o5q6dqmobdq4r4saojmn2kezun4/lib /Users/manc568/workspace/spack/opt/spack/darwin-catalina-skylake/gcc-11.2.0/hiop-0.5.3-6cuv5o5q6dqmobdq4r4saojmn2kezun4/lib\" specified more than once\r"
            ],
            "parsed": [
                "install_name_tool rpath lib lib specified",
                "install_name_tool rpath lib lib specified"
            ]
        },
        "10302": {
            "raw": [
                "  >> 8    checking for GNU M4 that supports accurate traces... configure: error: no acceptable m4 could be found in $PATH.\r"
            ],
            "parsed": [
                "acceptable could found path"
            ]
        },
        "25931": {
            "raw": [
                "             error: 'void* memset(void*, int, size_t)' offset [0, 143] is out of the bounds [0, 0] [-Werror=array-bounds]\r",
                "            :56:31: error: 'sleep_for' is not a member of 'std::this_thread'\r"
            ],
            "parsed": [
                "void memsetvoid int size_t offset bounds werrorarraybounds",
                "sleep_for member stdthis_thread"
            ]
        },
        "10648": {
            "raw": [
                "  >> 334    prov/psm2/src/psmx2_am.c:106:2: error: unknown type name 'psm2_am_handler_2_fn_t'; did you mean 'psm2_am_handler_fn_t'?\r"
            ],
            "parsed": [
                "unknown type name psm_am_handler__fn_t mean psm_am_handler_fn_t"
            ]
        },
        "26587": {
            "raw": [
                "`configure: error: cannot find install-sh, install.sh, or shtool in config \".\"/config`"
            ],
            "parsed": [
                "find installsh installsh shtool config config"
            ]
        },
        "19570": {
            "raw": [
                "  >> 190    configure: error: problem with directory specified for hdf5 library\r"
            ],
            "parsed": [
                "problem directory specified hdf library"
            ]
        },
        "28421": {
            "raw": [
                "I am getting this weird error:\r",
                "/tmp/lgiacome/spack-stage/spack-stage-gcc-11.2.0-yqde46ks5t2vg2szmjvadwjv6uwmmytl/spack-src/libgomp/secure_getenv.h:44:1: error: static declaration of 'secure_getenv' follows non-static declaration\r"
            ],
            "parsed": [
                "static declaration secure_getenv follows nonstatic declaration"
            ]
        },
        "16196": {
            "raw": [
                "configure: error: Unable to find static libstdc++ requested by --with-bin-release.\r",
                "  >> 40    configure: error: Unable to find static libstdc++ requested by --with-bin-release.\r",
                "  >> 40    configure: error: Unable to find static libstdc++ requested by --with-bin-release.\r"
            ],
            "parsed": [
                "unable find static libstdc requested withbinrelease",
                "unable find static libstdc requested withbinrelease",
                "unable find static libstdc requested withbinrelease"
            ]
        },
        "23425": {
            "raw": [
                "  >> 270    configure: error: Cannot continue\r"
            ],
            "parsed": []
        },
        "16150": {
            "raw": [
                "  >> 114    configure: error: libelf is needed to build this package\r"
            ],
            "parsed": [
                "libelf needed build package"
            ]
        },
        "27049": {
            "raw": [
                "  >> 1300    /nix/store/9r0a3dipi8saq2zasp668zsk6qhqp5jb-glibc-2.32-48-dev/include/bits/errno.h:23:3: error: #error \"Never include <bits/errno.h> directly; use <errno.h> instead.\"\r"
            ],
            "parsed": [
                "error never include errnoh directly use errnoh instead"
            ]
        },
        "7822": {
            "raw": [
                "The last command fails with the following error:\r",
                "  >> 286    configure: error: Cannot continue\r",
                "configure: error: Cannot continue\r"
            ],
            "parsed": []
        },
        "16269": {
            "raw": [
                "  >> 287    configure: error: getopt is required for building programs\r",
                "  >> 287    configure: error: getopt is required for building programs\r"
            ],
            "parsed": [
                "getopt required building programs",
                "getopt required building programs"
            ]
        },
        "21823": {
            "raw": [
                "  >> 451    gcc: error: analyze.c: No such file or directory\r",
                "  >> 452    gcc: fatal error: no input files\r",
                "  >> 456    parser.y:21:10: fatal error: analyze.h: No such file or directory\r",
                "*** error: gettext infrastructure mismatch: using a Makefile.in.in from gettext version 0.19 but the autoconf macros are from gettext version 0.20\r"
            ],
            "parsed": [
                "analyzec file directory",
                "input files",
                "analyzeh file directory",
                "gettext infrastructure mismatch using makefileinin gettext version autoconf macros gettext version"
            ]
        },
        "23893": {
            "raw": [
                "     920    Extension error:\r"
            ],
            "parsed": []
        },
        "24312": {
            "raw": [
                "  >> 330    configure: error: HDF5 was not built with API compatibility version v18. Please recompile your libhdf5 install using '--with-defaul\r"
            ],
            "parsed": [
                "hdf built api compatibility version v please recompile libhdf install using withdefaul"
            ]
        },
        "22758": {
            "raw": [
                "  >> 421    gfortran: error: unrecognized command line option '-march=native'; did you mean '-mcpu=native'?\r",
                "  >> 424    gfortran: error: unrecognized command line option '-march=native'; did you mean '-mcpu=native'?\r"
            ],
            "parsed": [
                "unrecognized command line option marchnative mean mcpunative",
                "unrecognized command line option marchnative mean mcpunative"
            ]
        },
        "10151": {
            "raw": [
                "  >> 157    /usr/include/asm/sigcontext.h(23): error: \"_fpx_sw_bytes\" has already been declared in the current scope\r",
                "  >> 165    /usr/include/asm/sigcontext.h(134): error: \"_fpstate\" has already been declared in the current scope\r",
                "  >> 173    /usr/include/asm/sigcontext.h(157): error: \"sigcontext\" has already been declared in the current scope\r",
                "  >> 181    /usr/include/asm/sigcontext.h(193): error: \"_xsave_hdr\" has already been declared in the current scope\r",
                "  >> 189    /usr/include/asm/sigcontext.h(199): error: \"_ymmh_state\" has already been declared in the current scope\r",
                "  >> 197    /usr/include/asm/sigcontext.h(210): error: \"_xstate\" has already been declared in the current scope\r"
            ],
            "parsed": [
                "_fpx_sw_bytes already declared current scope",
                "_fpstate already declared current scope",
                "sigcontext already declared current scope",
                "_xsave_hdr already declared current scope",
                "_ymmh_state already declared current scope",
                "_xstate already declared current scope"
            ]
        },
        "27469": {
            "raw": [
                "  >> 1711    collect2: error: ld returned 1 exit status\r",
                "  >> 1716    collect2: error: ld returned 1 exit status\r"
            ],
            "parsed": [
                "ld returned exit status",
                "ld returned exit status"
            ]
        },
        "28415": {
            "raw": [
                "  >> 536     H5FDsilo.c:259:1: error: expected ';' before '}' token\r",
                "  >> 542     H5FDsilo.c:259:1: error: expected ';' before '}' token\r",
                "  >> 548     H5FDsilo.c:259:1: error: expected ';' before '}' token\r",
                "  >> 554     H5FDsilo.c:259:1: error: expected ';' before '}' token\r",
                "  >> 560     H5FDsilo.c:848:15: error: invalid storage class for function 'file_read'\r",
                "  >> 564     H5FDsilo.c:259:1: error: expected ';' before '}' token\r",
                "  >> 570     H5FDsilo.c:259:1: error: expected ';' before '}' token\r",
                "  >> 576     H5FDsilo.c:259:1: error: expected ';' before '}' token\r",
                "  >> 582     H5FDsilo.c:259:1: error: expected ';' before '}' token\r",
                "  >> 588     H5FDsilo.c:910:15: error: invalid storage class for function 'file_write_block'\r",
                "  >> 592     H5FDsilo.c:259:1: error: expected ';' before '}' token\r",
                "  >> 598     H5FDsilo.c:952:15: error: invalid storage class for function 'file_read_block'\r",
                "  >> 602     H5FDsilo.c:259:1: error: expected ';' before '}' token\r",
                "  >> 608     H5FDsilo.c:980:15: error: invalid storage class for function 'remove_block_by_index'\r",
                "  >> 614     H5FDsilo.c:1009:15: error: invalid storage class for function 'insert_block_by_index'\r",
                "  >> 617     H5FDsilo.c:1031:12: error: invalid storage class for function 'alloc_block_by_id'\r",
                "  >> 620     H5FDsilo.c:1066:15: error: invalid storage class for function 'free_block_by_index'\r",
                "  >> 624     H5FDsilo.c:259:1: error: expected ';' before '}' token\r",
                "  >> 630     H5FDsilo.c:259:1: error: expected ';' before '}' token\r",
                "  >> 636     H5FDsilo.c:259:1: error: expected ';' before '}' token\r",
                "  >> 642     H5FDsilo.c:259:1: error: expected ';' before '}' token\r",
                "  >> 648     H5FDsilo.c:259:1: error: expected ';' before '}' token\r",
                "  >> 654     H5FDsilo.c:259:1: error: expected ';' before '}' token\r",
                "  >> 660     H5FDsilo.c:259:1: error: expected ';' before '}' token\r",
                "  >> 666     H5FDsilo.c:259:1: error: expected ';' before '}' token\r",
                "  >> 672     H5FDsilo.c:259:1: error: expected ';' before '}' token\r",
                "  >> 679     H5FDsilo.c:259:1: error: expected ';' before '}' token\r",
                "  >> 685     H5FDsilo.c:259:1: error: expected ';' before '}' token\r",
                "  >> 691     H5FDsilo.c:259:1: error: expected ';' before '}' token\r",
                "  >> 698     H5FDsilo.c:259:1: error: expected ';' before '}' token\r",
                "  >> 704     H5FDsilo.c:259:1: error: expected ';' before '}' token\r",
                "  >> 711     H5FDsilo.c:259:1: error: expected ';' before '}' token\r",
                "  >> 717     H5FDsilo.c:259:1: error: expected ';' before '}' token\r",
                "  >> 723     H5FDsilo.c:1268:1: error: invalid storage class for function 'H5FD_silo_sb_size'\r",
                "  >> 729     H5FDsilo.c:1294:1: error: invalid storage class for function 'H5FD_silo_sb_encode'\r",
                "  >> 733     H5FDsilo.c:1314:5: error: expected ';' before 'return'\r",
                "  >> 737     H5FDsilo.c:1328:1: error: invalid storage class for function 'H5FD_silo_sb_decode'\r",
                "  >> 741     H5FDsilo.c:1342:5: error: expected ';' before 'buf'\r",
                "  >> 744     H5FDsilo.c:1348:5: error: expected ';' before 'ap'\r",
                "  >> 748     H5FDsilo.c:1388:1: error: invalid storage class for function 'H5FD_silo_open'\r",
                "  >> 752     H5FDsilo.c:259:1: error: expected ';' before '}' token\r",
                "  >> 758     H5FDsilo.c:259:1: error: expected ';' before '}' token\r",
                "  >> 764     H5FDsilo.c:259:1: error: expected ';' before '}' token\r",
                "  >> 770     H5FDsilo.c:259:1: error: expected ';' before '}' token\r",
                "  >> 776     H5FDsilo.c:259:1: error: expected ';' before '}' token\r",
                "  >> 782     H5FDsilo.c:259:1: error: expected ';' before '}' token\r",
                "  >> 788     H5FDsilo.c:259:1: error: expected ';' before '}' token\r",
                "  >> 794     H5FDsilo.c:259:1: error: expected ';' before '}' token\r",
                "  >> 800     H5FDsilo.c:259:1: error: expected ';' before '}' token\r",
                "  >> 806     H5FDsilo.c:259:1: error: expected ';' before '}' token\r",
                "  >> 812     H5FDsilo.c:259:1: error: expected ';' before '}' token\r",
                "  >> 818     H5FDsilo.c:259:1: error: expected ';' before '}' token\r",
                "  >> 824     H5FDsilo.c:259:1: error: expected ';' before '}' token\r",
                "  >> 830     H5FDsilo.c:1536:1: error: invalid storage class for function 'H5FD_silo_close'\r",
                "  >> 834     H5FDsilo.c:259:1: error: expected ';' before '}' token\r",
                "  >> 840     H5FDsilo.c:1755:1: error: invalid storage class for function 'H5FD_silo_cmp'\r",
                "  >> 846     H5FDsilo.c:1815:1: error: invalid storage class for function 'H5FD_silo_query'\r",
                "  >> 849     H5FDsilo.c:1856:1: error: invalid storage class for function 'H5FD_silo_get_eoa'\r",
                "  >> 852     H5FDsilo.c:1892:1: error: invalid storage class for function 'H5FD_silo_set_eoa'\r",
                "  >> 855     H5FDsilo.c:1929:1: error: invalid storage class for function 'H5FD_silo_get_eof'\r",
                "  >> 858     H5FDsilo.c:1951:1: error: invalid storage class for function 'H5FD_silo_get_handle'\r",
                "  >> 861     H5FDsilo.c:1993:1: error: invalid storage class for function 'H5FD_silo_read'\r",
                "  >> 865     H5FDsilo.c:259:1: error: expected ';' before '}' token\r",
                "  >> 871     H5FDsilo.c:259:1: error: expected ';' before '}' token\r",
                "  >> 877     H5FDsilo.c:259:1: error: expected ';' before '}' token\r",
                "  >> 883     H5FDsilo.c:2124:1: error: invalid storage class for function 'H5FD_silo_write'\r",
                "  >> 887     H5FDsilo.c:259:1: error: expected ';' before '}' token\r",
                "  >> 893     H5FDsilo.c:259:1: error: expected ';' before '}' token\r",
                "  >> 899     H5FDsilo.c:259:1: error: expected ';' before '}' token\r",
                "  >> 905     H5FDsilo.c:2249:1: error: invalid storage class for function 'H5FD_silo_truncate'\r",
                "  >> 909     H5FDsilo.c:259:1: error: expected ';' before '}' token\r",
                "  >> 915     H5FDsilo.c:2303:1: error: expected declaration or statement at end of input\r",
                "  >> 922     H5FDsilo.c:2303:1: error: expected declaration or statement at end of input\r",
                "  >> 925     H5FDsilo.c:2303:1: error: expected declaration or statement at end of input\r",
                "  >> 926     H5FDsilo.c:2303:1: error: expected declaration or statement at end of input\r",
                "  >> 931     H5FDsilo.c:2303:1: error: expected declaration or statement at end of input\r",
                "  >> 934     H5FDsilo.c:2303:1: error: expected declaration or statement at end of input\r",
                "  >> 935     H5FDsilo.c:2303:1: error: expected declaration or statement at end of input\r",
                "  >> 937     H5FDsilo.c:2303:1: error: expected declaration or statement at end of input\r",
                "  >> 942     H5FDsilo.c:2303:1: error: expected declaration or statement at end of input\r",
                "  >> 945     H5FDsilo.c:2303:1: error: expected declaration or statement at end of input\r",
                "  >> 946     H5FDsilo.c:2303:1: error: expected declaration or statement at end of input\r",
                "  >> 947     H5FDsilo.c:2303:1: error: expected declaration or statement at end of input\r",
                "  >> 948     H5FDsilo.c:2303:1: error: expected declaration or statement at end of input\r",
                "  >> 949     H5FDsilo.c:2303:1: error: expected declaration or statement at end of input\r",
                "  >> 950     H5FDsilo.c:2303:1: error: expected declaration or statement at end of input\r",
                "  >> 951     H5FDsilo.c:2303:1: error: expected declaration or statement at end of input\r",
                "  >> 952     H5FDsilo.c:2303:1: error: expected declaration or statement at end of input\r",
                "  >> 953     H5FDsilo.c:2303:1: error: expected declaration or statement at end of input\r",
                "  >> 954     H5FDsilo.c:2303:1: error: expected declaration or statement at end of input\r",
                "  >> 955     H5FDsilo.c:2303:1: error: expected declaration or statement at end of input\r",
                "  >> 956     H5FDsilo.c:2303:1: error: expected declaration or statement at end of input\r",
                "  >> 958     H5FDsilo.c:2303:1: error: expected declaration or statement at end of input\r",
                "  >> 959     H5FDsilo.c:2303:1: error: expected declaration or statement at end of input\r",
                "  >> 964     H5FDsilo.c:2303:1: error: expected declaration or statement at end of input\r",
                "  >> 967     H5FDsilo.c:2303:1: error: expected declaration or statement at end of input\r",
                "  >> 972     H5FDsilo.c:2303:1: error: expected declaration or statement at end of input\r",
                "  >> 975     H5FDsilo.c:2303:1: error: expected declaration or statement at end of input\r",
                "  >> 976     H5FDsilo.c:2303:1: error: expected declaration or statement at end of input\r",
                "  >> 981     H5FDsilo.c:2303:1: error: expected declaration or statement at end of input\r",
                "  >> 984     H5FDsilo.c:2303:1: error: expected declaration or statement at end of input\r",
                "  >> 985     H5FDsilo.c:2303:1: error: expected declaration or statement at end of input\r",
                "  >> 986     H5FDsilo.c:2303:1: error: expected declaration or statement at end of input\r",
                "  >> 987     H5FDsilo.c:2303:1: error: expected declaration or statement at end of input\r",
                "  >> 988     H5FDsilo.c:2303:1: error: expected declaration or statement at end of input\r",
                "  >> 989     H5FDsilo.c:2303:1: error: expected declaration or statement at end of input\r",
                "  >> 990     H5FDsilo.c:2303:1: error: expected declaration or statement at end of input\r",
                "  >> 991     H5FDsilo.c:2303:1: error: expected declaration or statement at end of input\r",
                "  >> 993     H5FDsilo.c:2303:1: error: expected declaration or statement at end of input\r",
                "  >> 998     H5FDsilo.c:2303:1: error: expected declaration or statement at end of input\r",
                "  >> 1005    H5FDsilo.c:2303:1: error: expected declaration or statement at end of input\r",
                "  >> 1008    H5FDsilo.c:2303:1: error: expected declaration or statement at end of input\r",
                "  >> 1009    H5FDsilo.c:2303:1: error: expected declaration or statement at end of input\r",
                "  >> 1010    H5FDsilo.c:2303:1: error: expected declaration or statement at end of input\r",
                "  >> 1015    H5FDsilo.c:2303:1: error: expected declaration or statement at end of input\r",
                "  >> 1018    H5FDsilo.c:2303:1: error: expected declaration or statement at end of input\r",
                "  >> 1019    H5FDsilo.c:2303:1: error: expected declaration or statement at end of input\r",
                "  >> 1020    H5FDsilo.c:2303:1: error: expected declaration or statement at end of input\r",
                "             /H5version.h:746:23: error: too few arguments to function 'H5Oget_info3'\r",
                "  >> 1098    silo_hdf5.c:15767:38: error: 'H5O_info2_t' {aka 'struct H5O_info2_t'} has no member named 'addr'\r"
            ],
            "parsed": [
                "expected token",
                "expected token",
                "expected token",
                "expected token",
                "invalid storage class function file_read",
                "expected token",
                "expected token",
                "expected token",
                "expected token",
                "invalid storage class function file_write_block",
                "expected token",
                "invalid storage class function file_read_block",
                "expected token",
                "invalid storage class function remove_block_by_index",
                "invalid storage class function insert_block_by_index",
                "invalid storage class function alloc_block_by_id",
                "invalid storage class function free_block_by_index",
                "expected token",
                "expected token",
                "expected token",
                "expected token",
                "expected token",
                "expected token",
                "expected token",
                "expected token",
                "expected token",
                "expected token",
                "expected token",
                "expected token",
                "expected token",
                "expected token",
                "expected token",
                "expected token",
                "invalid storage class function hfd_silo_sb_size",
                "invalid storage class function hfd_silo_sb_encode",
                "expected return",
                "invalid storage class function hfd_silo_sb_decode",
                "expected buf",
                "expected ap",
                "invalid storage class function hfd_silo_open",
                "expected token",
                "expected token",
                "expected token",
                "expected token",
                "expected token",
                "expected token",
                "expected token",
                "expected token",
                "expected token",
                "expected token",
                "expected token",
                "expected token",
                "expected token",
                "invalid storage class function hfd_silo_close",
                "expected token",
                "invalid storage class function hfd_silo_cmp",
                "invalid storage class function hfd_silo_query",
                "invalid storage class function hfd_silo_get_eoa",
                "invalid storage class function hfd_silo_set_eoa",
                "invalid storage class function hfd_silo_get_eof",
                "invalid storage class function hfd_silo_get_handle",
                "invalid storage class function hfd_silo_read",
                "expected token",
                "expected token",
                "expected token",
                "invalid storage class function hfd_silo_write",
                "expected token",
                "expected token",
                "expected token",
                "invalid storage class function hfd_silo_truncate",
                "expected token",
                "expected declaration statement end input",
                "expected declaration statement end input",
                "expected declaration statement end input",
                "expected declaration statement end input",
                "expected declaration statement end input",
                "expected declaration statement end input",
                "expected declaration statement end input",
                "expected declaration statement end input",
                "expected declaration statement end input",
                "expected declaration statement end input",
                "expected declaration statement end input",
                "expected declaration statement end input",
                "expected declaration statement end input",
                "expected declaration statement end input",
                "expected declaration statement end input",
                "expected declaration statement end input",
                "expected declaration statement end input",
                "expected declaration statement end input",
                "expected declaration statement end input",
                "expected declaration statement end input",
                "expected declaration statement end input",
                "expected declaration statement end input",
                "expected declaration statement end input",
                "expected declaration statement end input",
                "expected declaration statement end input",
                "expected declaration statement end input",
                "expected declaration statement end input",
                "expected declaration statement end input",
                "expected declaration statement end input",
                "expected declaration statement end input",
                "expected declaration statement end input",
                "expected declaration statement end input",
                "expected declaration statement end input",
                "expected declaration statement end input",
                "expected declaration statement end input",
                "expected declaration statement end input",
                "expected declaration statement end input",
                "expected declaration statement end input",
                "expected declaration statement end input",
                "expected declaration statement end input",
                "expected declaration statement end input",
                "expected declaration statement end input",
                "expected declaration statement end input",
                "expected declaration statement end input",
                "expected declaration statement end input",
                "expected declaration statement end input",
                "expected declaration statement end input",
                "arguments function hoget_info",
                "ho_info_t aka struct ho_info_t member named addr"
            ]
        },
        "13958": {
            "raw": [
                "  >> 4870    checking whether we are cross compiling... configure: error: in `/tmp/aznb/spack\r",
                "  >> 4871    configure: error: cannot run C compiled programs.\r",
                "checking whether we are cross compiling... configure: error: in `/tmp/aznb/spack\r",
                "configure:4049: error: in `/tmp/aznb/spack-stage/spack-stage-gcc-9.2.0-gbut6zz33tegfg5jwcnuawg3fu3k2fof/spack-src/spack-build/x86_64-pc-linux-gnu/libgomp':\r",
                "configure:4051: error: cannot run C compiled programs.\r",
                "When I tried to run the compilation command above ` /tmp/aznb/spack-stage/spack-stage-gcc-9.2.0-gbut6zz33tegfg5jwcnuawg3fu3k2fof/spack-src/spack-build/./gcc/xgcc -B/tmp/aznb/spack-stage/spack-stage-gcc-9.2.0-gbut6zz33tegfg5jwcnuawg3fu3k2fof/spack-src/spack-build/./gcc/ -B/home/aznb/spack/opt/spack/linux-centos7-haswell/gcc-5.5.0/gcc-9.2.0-gbut6zz33tegfg5jwcnuawg3fu3k2fof/x86_64-pc-linux-gnu/sys-include   -fno-checking -o conftest -g -O2   conftest.c ` I got the error: \r",
                "collect2: error: ld returned 1 exit status\r"
            ],
            "parsed": [
                "run c compiled programs",
                "run c compiled programs",
                "ld returned exit status"
            ]
        },
        "27999": {
            "raw": [
                "              tem.cpp:8:10: fatal error: 'libelf.h' file not found\r"
            ],
            "parsed": [
                "libelfh file found"
            ]
        },
        "11205": {
            "raw": [
                "  >> 150    collect2: error: ld returned 1 exit status\r"
            ],
            "parsed": [
                "ld returned exit status"
            ]
        },
        "19667": {
            "raw": [
                "  error:1407742E:SSL routines:SSL23_GET_SERVER_HELLO:tlsv1 alert protocol\r",
                "curl: (35) error:1407742E:SSL routines:SSL23_GET_SERVER_HELLO:tlsv1 alert protocol version\r"
            ],
            "parsed": [
                "essl routinesssl_get_server_hellotlsv alert protocol",
                "essl routinesssl_get_server_hellotlsv alert protocol version"
            ]
        },
        "2096": {
            "raw": [
                "If I specify this module in `compilers.yaml` I get below error:"
            ],
            "parsed": []
        },
        "27479": {
            "raw": [
                "  >> 14    configure: error: in `/tmp/thomasbr/spack-stage/spack-stage-re2c-2.2\r",
                "  >> 15    configure: error: C compiler cannot create executables\r"
            ],
            "parsed": [
                "c compiler create executables"
            ]
        },
        "22093": {
            "raw": [
                "  >> 36      gcc: error: unrecognized command line option '-we147'\r",
                "  >> 37      gcc: error: unrecognized command line option '-mp'; did you mean '\r",
                "  >> 38      gcc: error: unrecognized command line option '-no-gcc'; did you me\r",
                "  >> 928     toke.c(835): error: type name is not allowed\r",
                "  >> 932     toke.c(835): error: identifier \"opslot_op\" is undefined\r",
                "  >> 936     toke.c(835): error: type name is not allowed\r",
                "  >> 940     perl.c(624): error: identifier \"__INT_MAX__\" is undefined\r",
                "  >> 944     toke.c(4666): error: identifier \"__INT_MAX__\" is undefined\r",
                "  >> 948     perl.c(4023): error: identifier \"__INT_MAX__\" is undefined\r",
                "  >> 952     gv.c(3734): error: type name is not allowed\r",
                "  >> 956     gv.c(3734): error: identifier \"xiv_u\" is undefined\r",
                "  >> 960     op.c(264): error: type name is not allowed\r",
                "  >> 964     op.c(264): error: identifier \"opslot_op\" is undefined\r",
                "  >> 968     op.c(265): error: type name is not allowed\r",
                "  >> 972     op.c(341): error: type name is not allowed\r",
                "  >> 976     op.c(341): error: identifier \"opslot_op\" is undefined\r",
                "  >> 980     op.c(347): error: type name is not allowed\r",
                "  >> 984     op.c(351): error: type name is not allowed\r",
                "  >> 988     op.c(384): error: type name is not allowed\r",
                "  >> 992     op.c(501): error: type name is not allowed\r",
                "  >> 996     op.c(501): error: identifier \"opslot_op\" is undefined\r",
                "  >> 1000    op.c(501): error: type name is not allowed\r",
                "  >> 1009    op.c(3068): error: function call is not allowed in a constant expr\r",
                "  >> 1013    op.c(3068): error: type name is not allowed\r",
                "  >> 1017    op.c(3068): error: identifier \"op_last\" is undefined\r",
                "  >> 1021    op.c(3068): error: function call is not allowed in a constant expr\r",
                "  >> 1025    op.c(3068): error: type name is not allowed\r",
                "  >> 1029    op.c(3068): error: identifier \"op_aux\" is undefined\r",
                "  >> 1033    op.c(3070): error: function call is not allowed in a constant expr\r",
                "  >> 1037    op.c(3070): error: type name is not allowed\r",
                "  >> 1041    op.c(3070): error: identifier \"op_last\" is undefined\r",
                "  >> 1045    op.c(3070): error: function call is not allowed in a constant expr\r",
                "  >> 1049    op.c(3070): error: type name is not allowed\r",
                "  >> 1053    op.c(3070): error: identifier \"op_aux\" is undefined\r",
                "  >> 1057    pad.c(329): error: type name is not allowed\r",
                "  >> 1061    pad.c(329): error: identifier \"opslot_op\" is undefined\r",
                "  >> 1065    pad.c(329): error: type name is not allowed\r",
                "  >> 1069    op.c(4151): error: identifier \"__INT_MAX__\" is undefined\r",
                "  >> 1073    pad.c(329): error: type name is not allowed\r",
                "  >> 1077    pad.c(329): error: type name is not allowed\r",
                "  >> 1081    pad.c(329): error: type name is not allowed\r",
                "  >> 1085    pad.c(329): error: type name is not allowed\r",
                "  >> 1089    op.c(4305): error: identifier \"__INT_MAX__\" is undefined\r",
                "  >> 1093    op.c(4422): error: identifier \"__INT_MAX__\" is undefined\r",
                "  >> 1097    op.c(4427): error: identifier \"__INT_MAX__\" is undefined\r",
                "  >> 1101    op.c(4439): error: identifier \"__INT_MAX__\" is undefined\r",
                "  >> 1105    pad.c(503): error: type name is not allowed\r",
                "  >> 1109    pad.c(503): error: identifier \"opslot_op\" is undefined\r",
                "  >> 1113    pad.c(503): error: type name is not allowed\r",
                "  >> 1117    op.c(4465): error: identifier \"__INT_MAX__\" is undefined\r",
                "  >> 1125    pad.c(2206): error: expected an expression\r",
                "  >> 1129    pad.c(2206): error: identifier \"shared_he_hek\" is undefined\r",
                "  >> 1133    pad.c(2736): error: expected an expression\r",
                "  >> 1137    pad.c(2736): error: identifier \"xpadn_str\" is undefined\r",
                "  >> 1141    pad.c(2736): error: expected an expression\r",
                "  >> 1145    pad.c(2736): error: expected an expression\r",
                "  >> 1149    pad.c(2736): error: expected an expression\r",
                "  >> 1153    pad.c(2772): error: expected an expression\r",
                "  >> 1157    pad.c(2772): error: identifier \"xpadn_str\" is undefined\r",
                "  >> 1161    pad.c(2790): error: expected an expression\r",
                "  >> 1165    pad.c(2790): error: identifier \"xpadn_str\" is undefined\r",
                "  >> 1169    pad.c(2824): error: expected an expression\r",
                "  >> 1173    pad.c(2824): error: identifier \"xpadn_str\" is undefined\r",
                "  >> 1177    mro_core.c(344): error: expected an expression\r",
                "  >> 1181    mro_core.c(344): error: identifier \"hek_key\" is undefined\r",
                "  >> 1187    op.c(9333): error: identifier \"__INT_MAX__\" is undefined\r",
                "  >> 1191    op.c(10168): error: identifier \"__INT_MAX__\" is undefined\r",
                "  >> 1195    op.c(10235): error: type name is not allowed\r",
                "  >> 1199    op.c(10235): error: identifier \"opslot_op\" is undefined\r",
                "  >> 1203    op.c(10236): error: type name is not allowed\r",
                "  >> 1207    op.c(11015): error: expected an expression\r",
                "  >> 1211    op.c(11015): error: identifier \"shared_he_hek\" is undefined\r",
                "  >> 1217    op.c(13723): error: identifier \"__INT_MAX__\" is undefined\r",
                "  >> 1221    op.c(15585): error: identifier \"__INT_MAX__\" is undefined\r",
                "  >> 1225    hv.c(88): error: type name is not allowed\r",
                "  >> 1229    hv.c(88): error: identifier \"hek_key\" is undefined\r",
                "  >> 1233    hv.c(88): error: type name is not allowed\r",
                "  >> 1237    hv.c(88): error: type name is not allowed\r",
                "  >> 1241    hv.c(88): error: type name is not allowed\r",
                "  >> 1245    hv.c(132): error: expected an expression\r",
                "  >> 1249    hv.c(132): error: identifier \"shared_he_hek\" is undefined\r",
                "  >> 1253    hv.c(164): error: type name is not allowed\r",
                "  >> 1257    hv.c(164): error: identifier \"hek_key\" is undefined\r",
                "  >> 1261    hv.c(164): error: type name is not allowed\r",
                "  >> 1265    hv.c(164): error: type name is not allowed\r",
                "  >> 1269    hv.c(164): error: type name is not allowed\r",
                "  >> 1273    hv.c(176): error: expected an expression\r",
                "  >> 1277    hv.c(176): error: identifier \"shared_he_hek\" is undefined\r",
                "  >> 1282    hv.c(431): error: type name is not allowed\r",
                "  >> 1286    hv.c(431): error: identifier \"hek_key\" is undefined\r",
                "  >> 1290    hv.c(431): error: type name is not allowed\r",
                "  >> 1295    hv.c(431): error: type name is not allowed\r",
                "  >> 1299    hv.c(431): error: type name is not allowed\r",
                "  >> 1303    hv.c(631): error: expected an expression\r",
                "  >> 1307    hv.c(631): error: identifier \"hek_key\" is undefined\r",
                "  >> 1311    hv.c(632): error: expected an expression\r",
                "  >> 1317    hv.c(1187): error: expected an expression\r",
                "  >> 1321    hv.c(1187): error: identifier \"hek_key\" is undefined\r",
                "  >> 1325    hv.c(1188): error: expected an expression\r",
                "  >> 1329    hv.c(2719): error: type name is not allowed\r",
                "  >> 1333    hv.c(2719): error: identifier \"hek_key\" is undefined\r",
                "  >> 1337    hv.c(2719): error: type name is not allowed\r",
                "  >> 1341    hv.c(2719): error: type name is not allowed\r",
                "  >> 1345    hv.c(2719): error: type name is not allowed\r",
                "  >> 1349    hv.c(2970): error: expected an expression\r",
                "  >> 1353    hv.c(2970): error: identifier \"shared_he_hek\" is undefined\r",
                "  >> 1357    hv.c(3131): error: expected an expression\r",
                "  >> 1361    hv.c(3131): error: identifier \"shared_he_hek\" is undefined\r",
                "  >> 1365    hv.c(3131): error: expected an expression\r",
                "  >> 1369    hv.c(3131): error: expected an expression\r",
                "  >> 1373    hv.c(3131): error: expected an expression\r",
                "  >> 1377    hv.c(3491): error: expected an expression\r",
                "  >> 1381    hv.c(3491): error: identifier \"hek_key\" is undefined\r",
                "  >> 1385    hv.c(3679): error: expected an expression\r",
                "  >> 1389    hv.c(3679): error: identifier \"hek_key\" is undefined\r",
                "  >> 1395    regcomp.c(21715): error: type name is not allowed\r",
                "  >> 1399    regcomp.c(21715): error: identifier \"xpv_cur\" is undefined\r"
            ],
            "parsed": [
                "unrecognized command line option",
                "unrecognized command line option mp mean",
                "unrecognized command line option nogcc",
                "type name allowed",
                "identifier opslot_op undefined",
                "type name allowed",
                "identifier __int_max__ undefined",
                "identifier __int_max__ undefined",
                "identifier __int_max__ undefined",
                "type name allowed",
                "identifier xiv_u undefined",
                "type name allowed",
                "identifier opslot_op undefined",
                "type name allowed",
                "type name allowed",
                "identifier opslot_op undefined",
                "type name allowed",
                "type name allowed",
                "type name allowed",
                "type name allowed",
                "identifier opslot_op undefined",
                "type name allowed",
                "function call allowed constant expr",
                "type name allowed",
                "identifier op_last undefined",
                "function call allowed constant expr",
                "type name allowed",
                "identifier op_aux undefined",
                "function call allowed constant expr",
                "type name allowed",
                "identifier op_last undefined",
                "function call allowed constant expr",
                "type name allowed",
                "identifier op_aux undefined",
                "type name allowed",
                "identifier opslot_op undefined",
                "type name allowed",
                "identifier __int_max__ undefined",
                "type name allowed",
                "type name allowed",
                "type name allowed",
                "type name allowed",
                "identifier __int_max__ undefined",
                "identifier __int_max__ undefined",
                "identifier __int_max__ undefined",
                "identifier __int_max__ undefined",
                "type name allowed",
                "identifier opslot_op undefined",
                "type name allowed",
                "identifier __int_max__ undefined",
                "expected expression",
                "identifier shared_he_hek undefined",
                "expected expression",
                "identifier xpadn_str undefined",
                "expected expression",
                "expected expression",
                "expected expression",
                "expected expression",
                "identifier xpadn_str undefined",
                "expected expression",
                "identifier xpadn_str undefined",
                "expected expression",
                "identifier xpadn_str undefined",
                "expected expression",
                "identifier hek_key undefined",
                "identifier __int_max__ undefined",
                "identifier __int_max__ undefined",
                "type name allowed",
                "identifier opslot_op undefined",
                "type name allowed",
                "expected expression",
                "identifier shared_he_hek undefined",
                "identifier __int_max__ undefined",
                "identifier __int_max__ undefined",
                "type name allowed",
                "identifier hek_key undefined",
                "type name allowed",
                "type name allowed",
                "type name allowed",
                "expected expression",
                "identifier shared_he_hek undefined",
                "type name allowed",
                "identifier hek_key undefined",
                "type name allowed",
                "type name allowed",
                "type name allowed",
                "expected expression",
                "identifier shared_he_hek undefined",
                "type name allowed",
                "identifier hek_key undefined",
                "type name allowed",
                "type name allowed",
                "type name allowed",
                "expected expression",
                "identifier hek_key undefined",
                "expected expression",
                "expected expression",
                "identifier hek_key undefined",
                "expected expression",
                "type name allowed",
                "identifier hek_key undefined",
                "type name allowed",
                "type name allowed",
                "type name allowed",
                "expected expression",
                "identifier shared_he_hek undefined",
                "expected expression",
                "identifier shared_he_hek undefined",
                "expected expression",
                "expected expression",
                "expected expression",
                "expected expression",
                "identifier hek_key undefined",
                "expected expression",
                "identifier hek_key undefined",
                "type name allowed",
                "identifier xpv_cur undefined"
            ]
        },
        "20517": {
            "raw": [
                "configure: error: The installed version of autoconf does not work.\r"
            ],
            "parsed": [
                "installed version autoconf work"
            ]
        },
        "19314": {
            "raw": [
                "/tmp/stam/spack-stage/spack-stage-protobuf-3.12.2-tzf5bdokn2ypg6wdg5gjjcolsywcvhlu/spack-src/src/google/protobuf/arena.h(337): error: static assertion failed with \"CreateArray requires a trivially constructible type\"\r"
            ],
            "parsed": [
                "static assertion failed createarray requires trivially constructible type"
            ]
        },
        "16506": {
            "raw": [
                "_10307.c:835:15: error: expected ')' before 'int'\r"
            ],
            "parsed": [
                "expected int"
            ]
        },
        "22522": {
            "raw": [
                "  >> 94    configure: error: Fortran compiler requires either intrinsic functio\r"
            ],
            "parsed": [
                "fortran compiler requires either intrinsic functio"
            ]
        },
        "26771": {
            "raw": [
                "Lmod has detected the following error:  These module(s) or\r"
            ],
            "parsed": []
        },
        "15391": {
            "raw": [
                "  >> 31    collect2: error: ld returned 1 exit status\r",
                "  >> 31    collect2: error: ld returned 1 exit status\r",
                "  >> 31    collect2: error: ld returned 1 exit status\r",
                "  >> 31    collect2: error: ld returned 1 exit status\r",
                "  >> 31    collect2: error: ld returned 1 exit status\r",
                "  >> 31    collect2: error: ld returned 1 exit status\r",
                "  >> 31    collect2: error: ld returned 1 exit status\r"
            ],
            "parsed": [
                "ld returned exit status",
                "ld returned exit status",
                "ld returned exit status",
                "ld returned exit status",
                "ld returned exit status",
                "ld returned exit status",
                "ld returned exit status"
            ]
        },
        "18878": {
            "raw": [
                "  >> 2664    collect2: error: ld returned 1 exit status                        \r"
            ],
            "parsed": [
                "ld returned exit status"
            ]
        },
        "7664": {
            "raw": [
                "lzomodule.c:35:19: fatal error: lzo1x.h: No such file or directory\r",
                "error: Setup script exited with error: command '/home/user/spack/lib/spack/env/gcc/gcc' failed with exit status 1\r"
            ],
            "parsed": [
                "lzoxh file directory",
                "setup script exited error command gcc failed exit status"
            ]
        },
        "27980": {
            "raw": [
                "     881    Extension error:\r"
            ],
            "parsed": []
        },
        "8074": {
            "raw": [
                "  >> 1181    gallivm/lp_bld_misc.cpp:833:13: error: 'class llvm::FastMathFlags' has no member named 'setUnsafeAlgebra'\r"
            ],
            "parsed": [
                "class llvmfastmathflags member named setunsafealgebra"
            ]
        },
        "25171": {
            "raw": [
                "  >> 2564    /tmp/testlab/spack-stage/spack-stage-xios-2.0-v7udyzzx4xotvyczefellgiw4h5zwfuu/spack-src/extern/blitz/src/globals.cpp:19:13: error: expected constructor, destructor,\r",
                "  >> 2567    /tmp/testlab/spack-stage/spack-stage-xios-2.0-v7udyzzx4xotvyczefellgiw4h5zwfuu/spack-src/extern/blitz/src/globals.cpp:28:11: error: 'Timer' has not been declared\r",
                "  >> 2573    /tmp/testlab/spack-stage/spack-stage-xios-2.0-v7udyzzx4xotvyczefellgiw4h5zwfuu/spack-src/extern/blitz/src/globals.cpp:28:31: error: 'PAPI_TOT_CYC_idx' was not declar\r",
                "  >> 2579    /tmp/testlab/spack-stage/spack-stage-xios-2.0-v7udyzzx4xotvyczefellgiw4h5zwfuu/spack-src/extern/blitz/src/globals.cpp:28:45: error: 'PAPI_TOT_INS_idx' was not declar\r",
                "  >> 2586    /tmp/testlab/spack-stage/spack-stage-xios-2.0-v7udyzzx4xotvyczefellgiw4h5zwfuu/spack-src/extern/blitz/src/globals.cpp:28:59: error: 'PAPI_FP_INS_idx' was not declare\r",
                "  >> 2593    /tmp/testlab/spack-stage/spack-stage-xios-2.0-v7udyzzx4xotvyczefellgiw4h5zwfuu/spack-src/extern/blitz/src/globals.cpp:29:7: error: 'string' does not name a type; did\r",
                "  >> 2597    /tmp/testlab/spack-stage/spack-stage-xios-2.0-v7udyzzx4xotvyczefellgiw4h5zwfuu/spack-src/extern/blitz/src/globals.cpp:34:1: error: 'BZ_NAMESPACE_END' does not name a\r"
            ],
            "parsed": [
                "expected constructor destructor",
                "timer declared",
                "papi_tot_cyc_idx declar",
                "papi_tot_ins_idx declar",
                "papi_fp_ins_idx declare",
                "string name type",
                "bz_namespace_end name"
            ]
        },
        "14633": {
            "raw": [
                "############################################################################################## 100.0%curl: (22) The requested URL returned error: 404 Not Found                                          \r"
            ],
            "parsed": []
        },
        "21818": {
            "raw": [
                "Fatal Python error: Py_Initialize: Unable to get the locale encoding\r"
            ],
            "parsed": [
                "py_initialize unable get locale encoding"
            ]
        },
        "9958": {
            "raw": [
                "  >> 915    /System/Library/Frameworks/Security.framework/Headers/Authorization.h:193:7: error: variably modified 'bytes' at file scope\r",
                "  >> 919    vtls/darwinssl.c:1258:10: error: implicit declaration of function '__builtin_available'; did you mean '__builtin_scalbl'? [-Werror=implicit-\r",
                "  >> 923    vtls/darwinssl.c:1258:30: error: 'macOS' undeclared (first use in this function)\r",
                "  >> 927    vtls/darwinssl.c:1258:35: error: expected ')' before numeric constant\r",
                "  >> 932    vtls/darwinssl.c:1282:26: error: 'macOS' undeclared (first use in this function)\r",
                "  >> 935    vtls/darwinssl.c:1282:31: error: expected ')' before numeric constant\r",
                "  >> 940    vtls/darwinssl.c:1434:30: error: 'macOS' undeclared (first use in this function)\r",
                "  >> 943    vtls/darwinssl.c:1434:35: error: expected ')' before numeric constant\r",
                "  >> 948    vtls/darwinssl.c:2517:6: error: 'SecTrustEvaluateAsync' undeclared (first use in this function); did you mean 'SecTrustEvaluate'?\r"
            ],
            "parsed": [
                "variably modified bytes file scope",
                "implicit declaration function __builtin_available mean __builtin_scalbl werrorimplicit",
                "macos undeclared first use function",
                "expected numeric constant",
                "macos undeclared first use function",
                "expected numeric constant",
                "macos undeclared first use function",
                "expected numeric constant",
                "sectrustevaluateasync undeclared first use function mean sectrustevaluate"
            ]
        },
        "19299": {
            "raw": [
                "> /tmp/root/spack-stage/spack-stage-clingo-5.4.0-qpez4qw2fjrbzpecmiw4sx5e7zniirj6/spack-src/libpyclingo/pyclingo.cc:1174:14: error: cannot convert 'std::nullptr_t' to 'Py_ssize_t' {ak\r",
                "> /tmp/root/spack-stage/spack-stage-aspcud-1.9.4-snpoz7s7uttkxwquoxgn45bug73laphy/spack-src/libcudf/src/dependency.cpp:476:81: error: '_1' was not declared in this scope\r"
            ],
            "parsed": [
                "convert stdnullptr_t py_ssize_t ak",
                "_ declared scope"
            ]
        },
        "23599": {
            "raw": [
                "```  >> 1132    ld.lld: error: undefined symbol: void nla::intervals::set_var_interval<(dep_intervals::with_deps_t)1>(unsigned int, dep_intervals::im_config::interval&) ```\r"
            ],
            "parsed": [
                "undefined symbol void nlaintervalsset_var_intervaldep_intervalswith_deps_tunsigned int dep_intervalsim_configinterval"
            ]
        },
        "21744": {
            "raw": [
                "  >> 949    collect2: error: ld returned 1 exit status\r"
            ],
            "parsed": [
                "ld returned exit status"
            ]
        },
        "9446": {
            "raw": [
                "I receive the following error:\r"
            ],
            "parsed": []
        },
        "27668": {
            "raw": [
                "/usr/include/stdio.h(27): catastrophic error: cannot open source file \"bits/libc-header-start.h\"\r"
            ],
            "parsed": [
                "open source file libcheaderstarth"
            ]
        },
        "19310": {
            "raw": [
                "  >> 530    ../deps/icu-small/source/common/uarrsort.cpp:40:34: error: 'max_align_t' is not a member of 'std'\r",
                "  >> 539    ../deps/icu-small/source/common/uarrsort.cpp:40:66: error: 'max_align_t' is not a member of 'std'\r",
                "  >> 548    ../deps/icu-small/source/common/uarrsort.cpp:41:1: error: body of constexpr function 'constexpr int32\r",
                "  >> 552    ../deps/icu-small/source/common/uarrsort.cpp:144:26: error: 'max_align_t' is not a member of 'std'\r",
                "  >> 561    ../deps/icu-small/source/common/uarrsort.cpp:144:26: error: 'max_align_t' is not a member of 'std'\r",
                "  >> 570    ../deps/icu-small/source/common/uarrsort.cpp:144:77: error: template argument 1 is invalid\r",
                "  >> 573    ../deps/icu-small/source/common/uarrsort.cpp:144:76: error: 'constexpr int32_t sizeInMaxAlignTs(int32\r",
                "  >> 579    ../deps/icu-small/source/common/uarrsort.cpp:144:80: error: invalid type in declaration before ';' to\r",
                "  >> 582    ../deps/icu-small/source/common/uarrsort.cpp:145:40: error: request for member 'getCapacity' in 'v',\r",
                "  >> 585    ../deps/icu-small/source/common/uarrsort.cpp:146:15: error: request for member 'resize' in 'v', which\r",
                "  >> 588    ../deps/icu-small/source/common/uarrsort.cpp:151:62: error: request for member 'getAlias' in 'v', whi\r",
                "  >> 592    ../deps/icu-small/source/common/uarrsort.cpp:238:26: error: 'max_align_t' is not a member of 'std'\r",
                "  >> 601    ../deps/icu-small/source/common/uarrsort.cpp:238:26: error: 'max_align_t' is not a member of 'std'\r",
                "  >> 610    ../deps/icu-small/source/common/uarrsort.cpp:238:81: error: template argument 1 is invalid\r",
                "  >> 613    ../deps/icu-small/source/common/uarrsort.cpp:238:76: error: 'constexpr int32_t sizeInMaxAlignTs(int32\r",
                "  >> 619    ../deps/icu-small/source/common/uarrsort.cpp:238:85: error: invalid type in declaration before ';' to\r",
                "  >> 622    ../deps/icu-small/source/common/uarrsort.cpp:239:42: error: request for member 'getCapacity' in 'xw',\r",
                "  >> 625    ../deps/icu-small/source/common/uarrsort.cpp:240:16: error: request for member 'resize' in 'xw', whic\r",
                "  >> 628    ../deps/icu-small/source/common/uarrsort.cpp:246:21: error: request for member 'getAlias' in 'xw', wh\r",
                "  >> 631    ../deps/icu-small/source/common/uarrsort.cpp:246:36: error: request for member 'getAlias' in 'xw', wh\r"
            ],
            "parsed": [
                "max_align_t member std",
                "max_align_t member std",
                "body constexpr function constexpr int",
                "max_align_t member std",
                "max_align_t member std",
                "template argument invalid",
                "constexpr int_t sizeinmaxaligntsint",
                "invalid type declaration",
                "request member getcapacity v",
                "request member resize v",
                "request member getalias v whi",
                "max_align_t member std",
                "max_align_t member std",
                "template argument invalid",
                "constexpr int_t sizeinmaxaligntsint",
                "invalid type declaration",
                "request member getcapacity xw",
                "request member resize xw whic",
                "request member getalias xw wh",
                "request member getalias xw wh"
            ]
        },
        "19887": {
            "raw": [
                "             rc/amgx_cusparse.cu(1077): error: identifier \"cusparseScsrmv\" is undefined\r",
                "             rc/amgx_cusparse.cu(1100): error: identifier \"cusparseDcsrmv\" is undefined\r",
                "             rc/amgx_cusparse.cu(1225): error: identifier \"cusparseCcsrmv\" is undefined\r",
                "             rc/amgx_cusparse.cu(1248): error: identifier \"cusparseZcsrmv\" is undefined\r",
                "             rc/amgx_cusparse.cu(1370): error: identifier \"cusparseScsrmm\" is undefined\r",
                "             rc/amgx_cusparse.cu(1396): error: identifier \"cusparseDcsrmm\" is undefined\r",
                "             rc/amgx_cusparse.cu(1409): error: identifier \"cusparseCcsrmm\" is undefined\r",
                "             rc/amgx_cusparse.cu(1435): error: identifier \"cusparseZcsrmm\" is undefined\r"
            ],
            "parsed": [
                "identifier cusparsescsrmv undefined",
                "identifier cusparsedcsrmv undefined",
                "identifier cusparseccsrmv undefined",
                "identifier cusparsezcsrmv undefined",
                "identifier cusparsescsrmm undefined",
                "identifier cusparsedcsrmm undefined",
                "identifier cusparseccsrmm undefined",
                "identifier cusparsezcsrmm undefined"
            ]
        },
        "17544": {
            "raw": [
                "The **first** time I run `./run.sh` it will error:\r"
            ],
            "parsed": []
        },
        "23025": {
            "raw": [
                "  >> 404    configure: error: Could not run a simple Fortran program.  Aborting.\r"
            ],
            "parsed": [
                "could run simple fortran program aborting"
            ]
        },
        "25922": {
            "raw": [
                "  >> 99    configure: error: You should check to see if MPI is setup properly.\r"
            ],
            "parsed": [
                "check see mpi setup properly"
            ]
        },
        "13606": {
            "raw": [
                "collect2: error: ld returned 1 exit status\r"
            ],
            "parsed": [
                "ld returned exit status"
            ]
        },
        "14618": {
            "raw": [
                "collect2: error: ld returned 1 exit status\r"
            ],
            "parsed": [
                "ld returned exit status"
            ]
        },
        "7636": {
            "raw": [
                "  >> 5     getarch_2nd.c:12:35: error: use of undeclared identifier 'SGEMM_DEFAULT_UNROLL_M'\r",
                "  >> 8     getarch_2nd.c:13:35: error: use of undeclared identifier 'SGEMM_DEFAULT_UNROLL_N'\r"
            ],
            "parsed": [
                "use undeclared identifier sgemm_default_unroll_m",
                "use undeclared identifier sgemm_default_unroll_n"
            ]
        },
        "27741": {
            "raw": [
                "  >> 812    configure: error: 'mxm/api/mxm_api.h or libmxm library not found. D\r"
            ],
            "parsed": [
                "mxm_apih libmxm library found"
            ]
        },
        "27156": {
            "raw": [
                "  >> 101    /tmp/root/spack-stage/spack-stage-kokkos-3.4.00-3jnklvtv4o22nw5af7dw4opgmg7daqhz/spack-src/core/src/setup/Kokkos_Setup_SYCL.hpp:48:10: fatal error: 'CL/sycl.hpp' fil\r",
                "  >> 109    /tmp/root/spack-stage/spack-stage-kokkos-3.4.00-3jnklvtv4o22nw5af7dw4opgmg7daqhz/spack-src/core/src/setup/Kokkos_Setup_SYCL.hpp:48:10: fatal error: 'CL/sycl.hpp' fil\r",
                "  >> 115    /tmp/root/spack-stage/spack-stage-kokkos-3.4.00-3jnklvtv4o22nw5af7dw4opgmg7daqhz/spack-src/core/src/setup/Kokkos_Setup_SYCL.hpp:48:10: fatal error: 'CL/sycl.hpp' fil\r",
                "  >> 122    /tmp/root/spack-stage/spack-stage-kokkos-3.4.00-3jnklvtv4o22nw5af7dw4opgmg7daqhz/spack-src/core/src/setup/Kokkos_Setup_SYCL.hpp:48:10: fatal error: 'CL/sycl.hpp' fil\r",
                "  >> 130    /tmp/root/spack-stage/spack-stage-kokkos-3.4.00-3jnklvtv4o22nw5af7dw4opgmg7daqhz/spack-src/core/src/setup/Kokkos_Setup_SYCL.hpp:48:10: fatal error: 'CL/sycl.hpp' fil\r",
                "  >> 137    /tmp/root/spack-stage/spack-stage-kokkos-3.4.00-3jnklvtv4o22nw5af7dw4opgmg7daqhz/spack-src/core/src/setup/Kokkos_Setup_SYCL.hpp:48:10: fatal error: 'CL/sycl.hpp' fil\r",
                "  >> 143    /tmp/root/spack-stage/spack-stage-kokkos-3.4.00-3jnklvtv4o22nw5af7dw4opgmg7daqhz/spack-src/core/src/setup/Kokkos_Setup_SYCL.hpp:48:10: fatal error: 'CL/sycl.hpp' fil\r",
                "  >> 149    /tmp/root/spack-stage/spack-stage-kokkos-3.4.00-3jnklvtv4o22nw5af7dw4opgmg7daqhz/spack-src/core/src/setup/Kokkos_Setup_SYCL.hpp:48:10: fatal error: 'CL/sycl.hpp' fil\r",
                "  >> 155    /tmp/root/spack-stage/spack-stage-kokkos-3.4.00-3jnklvtv4o22nw5af7dw4opgmg7daqhz/spack-src/core/src/setup/Kokkos_Setup_SYCL.hpp:48:10: fatal error: 'CL/sycl.hpp' fil\r",
                "  >> 163    /tmp/root/spack-stage/spack-stage-kokkos-3.4.00-3jnklvtv4o22nw5af7dw4opgmg7daqhz/spack-src/core/src/setup/Kokkos_Setup_SYCL.hpp:48:10: fatal error: 'CL/sycl.hpp' fil\r",
                "  >> 173    /tmp/root/spack-stage/spack-stage-kokkos-3.4.00-3jnklvtv4o22nw5af7dw4opgmg7daqhz/spack-src/core/src/setup/Kokkos_Setup_SYCL.hpp:48:10: fatal error: 'CL/sycl.hpp' fil\r",
                "  >> 184    /tmp/root/spack-stage/spack-stage-kokkos-3.4.00-3jnklvtv4o22nw5af7dw4opgmg7daqhz/spack-src/core/src/setup/Kokkos_Setup_SYCL.hpp:48:10: fatal error: 'CL/sycl.hpp' fil\r"
            ],
            "parsed": [
                "syclhpp fil",
                "syclhpp fil",
                "syclhpp fil",
                "syclhpp fil",
                "syclhpp fil",
                "syclhpp fil",
                "syclhpp fil",
                "syclhpp fil",
                "syclhpp fil",
                "syclhpp fil",
                "syclhpp fil",
                "syclhpp fil"
            ]
        },
        "18804": {
            "raw": [
                "will give this error:\r"
            ],
            "parsed": []
        },
        "8640": {
            "raw": [
                "collect2: error: ld returned 1 exit status\r"
            ],
            "parsed": [
                "ld returned exit status"
            ]
        },
        "12968": {
            "raw": [
                "I tried to install \"hpctoolkit+mpi\" and it failed trying to build openmpi with the confusing error:\r"
            ],
            "parsed": []
        },
        "27709": {
            "raw": [
                "  >> 136    configure: error: compiler does not halt on function prototype mismatch.\r"
            ],
            "parsed": [
                "compiler halt function prototype mismatch"
            ]
        },
        "19542": {
            "raw": [
                "\"/usr/include/c++/8/bits/atomic_base.h\", line 210: error: identifier\r",
                "\"/usr/include/c++/8/bits/atomic_base.h\", line 210: error: identifier\r",
                "\"/usr/include/c++/8/bits/atomic_base.h\", line 210: error: identifier\r",
                "\"/usr/include/c++/8/bits/atomic_base.h\", line 210: error: identifier\r"
            ],
            "parsed": []
        },
        "27507": {
            "raw": [
                "collect2: error: ld returned 1 exit status\r",
                "  >> 14    configure: error: in `/tmp/sbrandt/spack-stage/spack-stage-re2c-2.2-fcysax3ltlm4ulhrthm66ub4p7bn4eur/spack-src':\r",
                "  >> 15    configure: error: C compiler cannot create executables\r"
            ],
            "parsed": [
                "ld returned exit status",
                "c compiler create executables"
            ]
        },
        "28884": {
            "raw": [
                "RocksDB will fail with the following error:\r"
            ],
            "parsed": []
        },
        "27333": {
            "raw": [
                "            p:277:9: error: 'void* memset(void*, int, size_t)' offset [0, 143] \r"
            ],
            "parsed": [
                "void memsetvoid int size_t offset"
            ]
        },
        "16263": {
            "raw": [
                "And I get the error: \r"
            ],
            "parsed": []
        },
        "19276": {
            "raw": [
                "/software/spack-software/2020.05.14/linux-rhel8-ivybridge/gcc-8.4.0/charmpp-6.10.1-2qhkykycr5en5alx2wddfvtdq7akl67p/mpi-linux-x86_64/include/trace.h:11:10: fatal error: papi.h: No such file or directory\r"
            ],
            "parsed": [
                "papih file directory"
            ]
        },
        "5454": {
            "raw": [
                "  >> 107709th5s.c:733:9: error: expected expression before '/' token\r",
                "  >> 107712th5s.c:734:9: error: expected expression before '/' token\r"
            ],
            "parsed": [
                "expected expression  token",
                "expected expression  token"
            ]
        },
        "12322": {
            "raw": [
                "error: /Applications/Xcode.app/Contents/Developer/Toolchains/XcodeDefault.xctoolchain/usr/bin/libtool: unknown option character `-' in: --mode=compile\r"
            ],
            "parsed": [
                "libtool unknown option character modecompile"
            ]
        },
        "9399": {
            "raw": [
                "  >> 81    configure: error: Could not compile a test program with AVX2, try wi\r"
            ],
            "parsed": [
                "could compile test program avx try wi"
            ]
        },
        "26275": {
            "raw": [
                "libtool:   error: require no space between '-L' and '-Wl,-rpath'\r",
                "libtool:   error: require no space between '-L' and '-Wl,-rpath'\r",
                "libtool:   error: require no space between '-L' and '-Wl,-rpath'\r",
                "libtool:   error: require no space between '-L' and '-Wl,-rpath'\r"
            ],
            "parsed": [
                "require space l wlrpath",
                "require space l wlrpath",
                "require space l wlrpath",
                "require space l wlrpath"
            ]
        },
        "16214": {
            "raw": [
                "  >> 1523    /Applications/Xcode.app/Contents/Developer/Toolchains/XcodeDefault.xctoolchain/usr/bin/strip: error: symbols referenced by indirect symbol table entries that \r",
                "  >> 1523    /Applications/Xcode.app/Contents/Developer/Toolchains/XcodeDefault.xctoolchain/usr/bin/strip: error: symbols referenced by indirect symbol table entries that \r"
            ],
            "parsed": [
                "symbols referenced indirect symbol table entries",
                "symbols referenced indirect symbol table entries"
            ]
        },
        "18749": {
            "raw": [
                "./python: symbol lookup error: ./python: undefined symbol: __gcov_indirect_call\r"
            ],
            "parsed": [
                "python undefined symbol __gcov_indirect_call"
            ]
        },
        "11242": {
            "raw": [
                "  >> 8    aclocal: error: 'configure.ac' is required\r",
                "aclocal: error: 'configure.ac' is required\r"
            ],
            "parsed": [
                "configureac required",
                "configureac required"
            ]
        },
        "24659": {
            "raw": [
                "I get the following error:\r"
            ],
            "parsed": []
        },
        "17036": {
            "raw": [
                "  >> 5237    ../../../../simd-support/simd-generic128.h(208): error: expression\r",
                "  >> 5244    ../../../../simd-support/simd-generic128.h(208): error: expression\r"
            ],
            "parsed": []
        },
        "16508": {
            "raw": [
                "Fatal Python error: initfsencoding: Unable to get the locale encoding\r"
            ],
            "parsed": [
                "initfsencoding unable get locale encoding"
            ]
        },
        "6696": {
            "raw": [
                "  >> 6     configure: error: in `/tmp/tg835637/spack-stage/spack-stage-4RKgmL/jemalloc-4.5.0':\r",
                "  >> 7     configure: error: C compiler cannot create executables\r",
                "configure: error: in `/tmp/tg835637/spack-stage/spack-stage-_Q2nyD/jemalloc-4.5.0':\r",
                "configure: error: C compiler cannot create executables\r",
                "gcc: error: unrecognized command line option '-V'\r",
                "gcc: fatal error: no input files\r",
                "gcc: error: unrecognized command line option '-qversion'; did you mean '--version'?\r",
                "configure:3084: error: in `/tmp/tg835637/spack-stage/spack-stage-_Q2nyD/jemalloc-4.5.0':\r",
                "configure:3086: error: C compiler cannot create executables\r"
            ],
            "parsed": [
                "c compiler create executables",
                "c compiler create executables",
                "unrecognized command line option v",
                "input files",
                "unrecognized command line option qversion mean version",
                "c compiler create executables"
            ]
        },
        "21899": {
            "raw": [
                "FunctionTest.cpp:757:11: error: reference to \u2018bad_function_call\u2019 is ambiguous\r"
            ],
            "parsed": [
                "reference bad_function_call ambiguous"
            ]
        },
        "25926": {
            "raw": [
                "  >> 30    configure: error: Failed to find C MPI Wrapper.\r"
            ],
            "parsed": [
                "failed find c mpi wrapper"
            ]
        },
        "21415": {
            "raw": [
                "I am having trouble about  in fastjson@1.2.68 when use **mvn test** but there was an error: java.lang.NullPointerException .\r",
                "Tests in error:\r"
            ],
            "parsed": []
        },
        "19603": {
            "raw": [
                "  >> 688    rdmacm_cm_ep.c:129:9: error: implicit declaration of function 'rdma\r",
                "  >> 692    rdmacm_cm_ep.c:129:9: error: nested extern declaration of 'rdma_est\r",
                "  >> 694    rdmacm_cm.c:150:9: error: implicit declaration of function 'rdma_in\r",
                "  >> 698    rdmacm_cm.c:150:9: error: nested extern declaration of 'rdma_init_q\r"
            ],
            "parsed": [
                "implicit declaration function rdma",
                "nested extern declaration rdma_est",
                "implicit declaration function rdma_in",
                "nested extern declaration rdma_init_q"
            ]
        },
        "6245": {
            "raw": [
                "Lmod has detected the following error:  The following module(s) are unknown: \"python-2.7.14-gcc-4.9.2-bmjyypv\"\r"
            ],
            "parsed": [
                "following modules unknown pythongccbmjyypv"
            ]
        },
        "29466": {
            "raw": [
                "ld.lld: error: /usr/projects/user_contrib/spack.20220303/opt/spack/cray-cnl7-haswell/cce-13.0.1/netlib-lapack-3.9.1-sv2kk43/lib64/libblas.so: undefined reference to _isamax_ [--no-allow-shlib-undefined]\r",
                "ld.lld: error: /usr/projects/user_contrib/spack.20220303/opt/spack/cray-cnl7-haswell/cce-13.0.1/netlib-lapack-3.9.1-sv2kk43/lib64/libblas.so: undefined reference to _idamax_ [--no-allow-shlib-undefined]\r",
                "clang-13: error: linker command failed with exit code 1 (use -v to see invocation)\r"
            ],
            "parsed": [
                "libblasso undefined reference _isamax_ noallowshlibundefined",
                "libblasso undefined reference _idamax_ noallowshlibundefined",
                "linker command failed exit code use v see invocation"
            ]
        },
        "19573": {
            "raw": [
                "  >> 395    configure: error: Package requirements (fontutil) were not met:\r"
            ],
            "parsed": [
                "package requirements fontutil met"
            ]
        },
        "10352": {
            "raw": [
                "I get the following error:\r"
            ],
            "parsed": []
        },
        "29292": {
            "raw": [
                "  >> 246690    tensorflow/core/kernels/example_parsing_ops.cc:1221:57: error: '\r"
            ],
            "parsed": []
        },
        "10181": {
            "raw": [
                "configure: error: Could not run a simple Fortran program.\r",
                "  >> 381    configure: error: Could not run a simple Fortran program.  Aborting.\r"
            ],
            "parsed": [
                "could run simple fortran program",
                "could run simple fortran program aborting"
            ]
        },
        "23812": {
            "raw": [
                "  >> 71    common.c:116:3: error: implicit declaration of function 'gettimeofday' is invalid in C99 [-Werror\r"
            ],
            "parsed": [
                "implicit declaration function gettimeofday invalid c werror"
            ]
        },
        "15486": {
            "raw": [
                "        >> 186    configure: error: --with-readline=yes (default) and headers/libs are not available\r"
            ],
            "parsed": [
                "withreadlineyes default libs available"
            ]
        },
        "12864": {
            "raw": [
                "  >> 23    configure: error: in `/tmp/shera/spack-stage/spack-stage-U28lMT/spac\r",
                "  >> 24    configure: error: C compiler cannot create executables\r"
            ],
            "parsed": [
                "c compiler create executables"
            ]
        },
        "3118": {
            "raw": [
                "clang: error: linker command failed with exit code 1 (use -v to see invocation)\r"
            ],
            "parsed": [
                "linker command failed exit code use v see invocation"
            ]
        },
        "26825": {
            "raw": [
                "  >> 547    collect2: error: ld returned 1 exit status\r"
            ],
            "parsed": [
                "ld returned exit status"
            ]
        },
        "29382": {
            "raw": [
                "  >> 5184    clang++: error: linker command failed with exit code 1 (use -v to see invocation)\r",
                "  >> 5191    clang++: error: linker command failed with exit code 1 (use -v to see invocation)\r"
            ],
            "parsed": [
                "linker command failed exit code use v see invocation",
                "linker command failed exit code use v see invocation"
            ]
        },
        "10602": {
            "raw": [
                "  >> 42     /usr/include/x86_64-linux-gnu/bits/stdio.h:20:3: error: #error \"Never include <bits/stdio.h> directly; use <stdio.h> instead.\"\r"
            ],
            "parsed": [
                "error never include stdioh directly use stdioh instead"
            ]
        },
        "18192": {
            "raw": [
                "  >> 5621    \": internal error: ** The compiler has encountered an unexpected problem.\r"
            ],
            "parsed": [
                "compiler encountered unexpected problem"
            ]
        },
        "26559": {
            "raw": [
                "  >> 210    ../version:1:1: error: expected external declaration\r",
                "  >> 213    ../version:1:2: error: unknown type name 'n'\r",
                "  >> 216    ../version:1:4: error: expected unqualified-id\r",
                "  >> 227    /Library/Developer/CommandLineTools/SDKs/MacOSX.sdk/usr/include/c++/v1/cstddef:49:9: error: no member named 'ptrdiff_t\r",
                "  >> 238    ../version:1:1: error: expected external declaration\r",
                "  >> 241    ../version:1:2: error: unknown type name 'n'\r",
                "  >> 244    ../version:1:4: error: expected unqualified-id\r",
                "  >> 255    ../version:1:1: error: expected external declaration\r",
                "  >> 258    ../version:1:2: error: unknown type name 'n'\r",
                "  >> 261    ../version:1:4: error: expected unqualified-id\r",
                "  >> 274    ../version:1:1: error: expected external declaration\r",
                "  >> 277    ../version:1:2: error: unknown type name 'n'\r",
                "  >> 280    ../version:1:4: error: expected unqualified-id\r",
                "  >> 292    ../version:1:1: error: expected external declaration\r",
                "  >> 295    ../version:1:2: error: unknown type name 'n'\r",
                "  >> 298    ../version:1:4: error: expected unqualified-id\r",
                "  >> 310    ../version:1:1: error: expected external declaration\r",
                "  >> 313    ../version:1:2: error: unknown type name 'n'\r",
                "  >> 316    ../version:1:4: error: expected unqualified-id\r",
                "     319    fatal error: too many errors emitted, stopping now [-ferror-limit=]\r"
            ],
            "parsed": [
                "expected external declaration",
                "unknown type name n",
                "expected unqualifiedid",
                "member named ptrdiff_t",
                "expected external declaration",
                "unknown type name n",
                "expected unqualifiedid",
                "expected external declaration",
                "unknown type name n",
                "expected unqualifiedid",
                "expected external declaration",
                "unknown type name n",
                "expected unqualifiedid",
                "expected external declaration",
                "unknown type name n",
                "expected unqualifiedid",
                "expected external declaration",
                "unknown type name n",
                "expected unqualifiedid",
                "many errors emitted stopping ferrorlimit"
            ]
        },
        "12840": {
            "raw": [
                "             irspn/spack-src/include/field_types.h:52:6: error: underlying type\r"
            ],
            "parsed": [
                "underlying type"
            ]
        },
        "22929": {
            "raw": [
                "  >> 237    /tmp/e.sharaborin/spack-stage/spack-stage-doxygen-1.8.20-j76c476nkfawxg45ujyhpiyfihyxfsxq/spack-src/src/config.h:35:33: error: 'ConfigValues' has not been declared\r",
                "  >> 250    /tmp/e.sharaborin/spack-stage/spack-stage-doxygen-1.8.20-j76c476nkfawxg45ujyhpiyfihyxfsxq/spack-src/src/config.h:35:33: error: 'ConfigValues' has not been declared\r"
            ],
            "parsed": [
                "configvalues declared",
                "configvalues declared"
            ]
        },
        "21587": {
            "raw": [
                "  >> 31     gfortran: error: unrecognized command line option '-V'\r",
                "  >> 32     gfortran: fatal error: no input files\r",
                "  >> 146    configure: error: couldn't find rpc headers\r"
            ],
            "parsed": [
                "unrecognized command line option v",
                "input files",
                "couldnt find rpc headers"
            ]
        },
        "11803": {
            "raw": [
                "Hmm, that doesn't help much.  Installing with the debug flag helps make some sense of the error:\r"
            ],
            "parsed": []
        },
        "23287": {
            "raw": [
                "configure: error: C compiler cannot create executables\r"
            ],
            "parsed": [
                "c compiler create executables"
            ]
        },
        "27236": {
            "raw": [
                "  >> 96     collect2: error: ld returned 1 exit status\r"
            ],
            "parsed": [
                "ld returned exit status"
            ]
        },
        "6046": {
            "raw": [
                "  >> 11036 collect2: error: ld returned 1 exit status\r"
            ],
            "parsed": [
                "ld returned exit status"
            ]
        },
        "23530": {
            "raw": [
                "collect2: error: ld returned 1 exit status\r"
            ],
            "parsed": [
                "ld returned exit status"
            ]
        },
        "5610": {
            "raw": [
                "Here is the sympton, any spack commands gives this error:\r"
            ],
            "parsed": []
        },
        "6651": {
            "raw": [
                "  >> 627   gmessages.c:2295:17: error: implicit declaration of function \u2018mkostemp\u2019; did you mean \u2018mkstemp\u2019? [-Werror=implicit-function-declaration]\r",
                "  >> 631   gmessages.c:2295:33: error: \u2018O_CLOEXEC\u2019 undeclared (first use in this function); did you mean \u2018FD_CLOEXEC\u2019?\r"
            ],
            "parsed": [
                "implicit declaration function mkostemp mean mkstemp werrorimplicitfunctiondeclaration",
                "o_cloexec undeclared first use function mean fd_cloexec"
            ]
        },
        "27160": {
            "raw": [
                "  >> 534    /usr/lib/gcc/x86_64-linux-gnu/11/../../../../include/c++/11/complex:703:7: error: __host__ __device__ function '__failed_assertion' cannot overload __host__ function\r",
                "  >> 564    /usr/lib/gcc/x86_64-linux-gnu/11/../../../../include/c++/11/complex:778:14: error: no matching function for call to 'polar'\r"
            ],
            "parsed": [
                "__host__ __device__ function __failed_assertion overload __host__ function",
                "matching function call polar"
            ]
        },
        "24924": {
            "raw": [
                "  >> 15    configure: error: in `/tmp/cjyin/spack-stage/spack-stage-adol-c-2.7.2-fuxgdfh2a5u6luxg537vrz4yhkktegii/spack-src':\r",
                "  >> 16    configure: error: C++ compiler cannot create executables\r",
                "g++: error: unrecognized command line option '-V'\r",
                "g++: fatal error: no input files\r",
                "g++: error: unrecognized command line option '-qversion'; did you mean '--version'?\r",
                "configure:3857: error: in `/tmp/cjyin/spack-stage/spack-stage-adol-c-2.7.2-fuxgdfh2a5u6luxg537vrz4yhkktegii/spack-src':\r",
                "configure:3859: error: C++ compiler cannot create executables\r"
            ],
            "parsed": [
                "c compiler create executables",
                "unrecognized command line option v",
                "input files",
                "unrecognized command line option qversion mean version",
                "c compiler create executables"
            ]
        },
        "14587": {
            "raw": [
                "     23    icc_orig: command line error: option '-openmp' is not supported. Please use the replacement option '-qopenmp'\r"
            ],
            "parsed": [
                "option openmp supported please use replacement option qopenmp"
            ]
        },
        "23471": {
            "raw": [
                "curl: (22) The requested URL returned error: 404 Not Found\r"
            ],
            "parsed": []
        },
        "7857": {
            "raw": [
                "getarch_2nd.c:12:35: error: \u2018SGEMM_DEFAULT_UNROLL_M\u2019 undeclared (first use in this function)\r",
                "getarch_2nd.c:13:35: error: \u2018SGEMM_DEFAULT_UNROLL_N\u2019 undeclared (first use in this function)\r",
                "getarch_2nd.c:14:35: error: \u2018DGEMM_DEFAULT_UNROLL_M\u2019 undeclared (first use in this function)\r",
                "getarch_2nd.c:15:35: error: \u2018DGEMM_DEFAULT_UNROLL_N\u2019 undeclared (first use in this function)\r",
                "getarch_2nd.c:19:35: error: \u2018CGEMM_DEFAULT_UNROLL_M\u2019 undeclared (first use in this function)\r",
                "getarch_2nd.c:20:35: error: \u2018CGEMM_DEFAULT_UNROLL_N\u2019 undeclared (first use in this function)\r",
                "getarch_2nd.c:21:35: error: \u2018ZGEMM_DEFAULT_UNROLL_M\u2019 undeclared (first use in this function)\r",
                "getarch_2nd.c:22:35: error: \u2018ZGEMM_DEFAULT_UNROLL_N\u2019 undeclared (first use in this function)\r",
                "getarch_2nd.c:69:50: error: \u2018SGEMM_DEFAULT_Q\u2019 undeclared (first use in this function)\r",
                "getarch_2nd.c:70:50: error: \u2018DGEMM_DEFAULT_Q\u2019 undeclared (first use in this function)\r",
                "getarch_2nd.c:71:50: error: \u2018CGEMM_DEFAULT_Q\u2019 undeclared (first use in this function)\r",
                "getarch_2nd.c:72:50: error: \u2018ZGEMM_DEFAULT_Q\u2019 undeclared (first use in this function)\r",
                "  >> 53    getarch_2nd.c:12:35: error: \u2018SGEMM_DEFAULT_UNROLL_M\u2019 undeclared (first use in this function)\r",
                "  >> 57    getarch_2nd.c:13:35: error: \u2018SGEMM_DEFAULT_UNROLL_N\u2019 undeclared (first use in this function)\r",
                "  >> 60    getarch_2nd.c:14:35: error: \u2018DGEMM_DEFAULT_UNROLL_M\u2019 undeclared (first use in this function)\r",
                "  >> 63    getarch_2nd.c:15:35: error: \u2018DGEMM_DEFAULT_UNROLL_N\u2019 undeclared (first use in this function)\r",
                "  >> 66    getarch_2nd.c:19:35: error: \u2018CGEMM_DEFAULT_UNROLL_M\u2019 undeclared (first use in this function)\r",
                "  >> 69    getarch_2nd.c:20:35: error: \u2018CGEMM_DEFAULT_UNROLL_N\u2019 undeclared (first use in this function)\r",
                "  >> 72    getarch_2nd.c:21:35: error: \u2018ZGEMM_DEFAULT_UNROLL_M\u2019 undeclared (first use in this function)\r",
                "  >> 75    getarch_2nd.c:22:35: error: \u2018ZGEMM_DEFAULT_UNROLL_N\u2019 undeclared (first use in this function)\r",
                "  >> 78    getarch_2nd.c:69:50: error: \u2018SGEMM_DEFAULT_Q\u2019 undeclared (first use in this function)\r",
                "  >> 81    getarch_2nd.c:70:50: error: \u2018DGEMM_DEFAULT_Q\u2019 undeclared (first use in this function)\r",
                "  >> 84    getarch_2nd.c:71:50: error: \u2018CGEMM_DEFAULT_Q\u2019 undeclared (first use in this function)\r",
                "  >> 87    getarch_2nd.c:72:50: error: \u2018ZGEMM_DEFAULT_Q\u2019 undeclared (first use in this function)\r"
            ],
            "parsed": [
                "sgemm_default_unroll_m undeclared first use function",
                "sgemm_default_unroll_n undeclared first use function",
                "dgemm_default_unroll_m undeclared first use function",
                "dgemm_default_unroll_n undeclared first use function",
                "cgemm_default_unroll_m undeclared first use function",
                "cgemm_default_unroll_n undeclared first use function",
                "zgemm_default_unroll_m undeclared first use function",
                "zgemm_default_unroll_n undeclared first use function",
                "sgemm_default_q undeclared first use function",
                "dgemm_default_q undeclared first use function",
                "cgemm_default_q undeclared first use function",
                "zgemm_default_q undeclared first use function",
                "sgemm_default_unroll_m undeclared first use function",
                "sgemm_default_unroll_n undeclared first use function",
                "dgemm_default_unroll_m undeclared first use function",
                "dgemm_default_unroll_n undeclared first use function",
                "cgemm_default_unroll_m undeclared first use function",
                "cgemm_default_unroll_n undeclared first use function",
                "zgemm_default_unroll_m undeclared first use function",
                "zgemm_default_unroll_n undeclared first use function",
                "sgemm_default_q undeclared first use function",
                "dgemm_default_q undeclared first use function",
                "cgemm_default_q undeclared first use function",
                "zgemm_default_q undeclared first use function"
            ]
        },
        "20756": {
            "raw": [
                "clang-11: error: linker command failed with exit code 1 (use -v to see invocation)\r",
                "clang-11: error: linker command failed with exit code 1 (use -v to see invocation)\r"
            ],
            "parsed": [
                "linker command failed exit code use v see invocation",
                "linker command failed exit code use v see invocation"
            ]
        },
        "22083": {
            "raw": [
                "When installing cuda I am hitting this error:\r"
            ],
            "parsed": []
        },
        "27183": {
            "raw": [
                "  >> 1691    /tmp/root/spack-stage/spack-stage-dealii-9.3.1-uubbc62yai3lwx6meyrl6eodk5av53up/spack-src/include/deal.II/sundials/n_vector.templates.h:534:38: error: inva\r"
            ],
            "parsed": []
        },
        "24711": {
            "raw": [
                "  >> 1550    error: timeout, ./hb-subset-fuzzer ./fonts/clusterfuzz-testcase-mi\r"
            ],
            "parsed": [
                "timeout hbsubsetfuzzer clusterfuzztestcasemi"
            ]
        },
        "29191": {
            "raw": [
                "  >> 135    error: unknown FP unit 'sse'\r",
                "  >> 1547    clang: error: linker command failed with exit code 1 (use -v to see invocation)\r"
            ],
            "parsed": [
                "unknown fp unit sse",
                "linker command failed exit code use v see invocation"
            ]
        },
        "15861": {
            "raw": [
                "src/fftlib.h(5): catastrophic error: cannot open source file \"cmidirectmanytomany.h\"\r"
            ],
            "parsed": [
                "open source file cmidirectmanytomanyh"
            ]
        },
        "10241": {
            "raw": [
                "Extension error:\r",
                "Extension error:\r"
            ],
            "parsed": []
        }
    },
    "total": 2365,
    "no_match": 2046
}